[2025-06-09T13:48:45.646+0000] {local_task_job_runner.py:120} INFO - ::group::Pre task execution logs
[2025-06-09T13:48:45.673+0000] {taskinstance.py:2076} INFO - Dependencies all met for dep_context=non-requeueable deps ti=<TaskInstance: kafka_pipeline_branching_dag.run_producer manual__2025-06-09T13:40:03.148309+00:00 [queued]>
[2025-06-09T13:48:45.679+0000] {taskinstance.py:2076} INFO - Dependencies all met for dep_context=requeueable deps ti=<TaskInstance: kafka_pipeline_branching_dag.run_producer manual__2025-06-09T13:40:03.148309+00:00 [queued]>
[2025-06-09T13:48:45.679+0000] {taskinstance.py:2306} INFO - Starting attempt 4 of 6
[2025-06-09T13:48:45.687+0000] {taskinstance.py:2330} INFO - Executing <Task(BashOperator): run_producer> on 2025-06-09 13:40:03.148309+00:00
[2025-06-09T13:48:45.692+0000] {logging_mixin.py:188} WARNING - /home/***/.local/lib/python3.12/site-packages/***/task/task_runner/standard_task_runner.py:61 DeprecationWarning: This process (pid=1674) is multi-threaded, use of fork() may lead to deadlocks in the child.
[2025-06-09T13:48:45.693+0000] {standard_task_runner.py:63} INFO - Started process 1675 to run task
[2025-06-09T13:48:45.692+0000] {standard_task_runner.py:90} INFO - Running: ['***', 'tasks', 'run', 'kafka_pipeline_branching_dag', 'run_producer', 'manual__2025-06-09T13:40:03.148309+00:00', '--job-id', '11', '--raw', '--subdir', 'DAGS_FOLDER/kafka_pipeline_dag.py', '--cfg-path', '/tmp/tmp1oj34qew']
[2025-06-09T13:48:45.694+0000] {standard_task_runner.py:91} INFO - Job 11: Subtask run_producer
[2025-06-09T13:48:45.718+0000] {task_command.py:426} INFO - Running <TaskInstance: kafka_pipeline_branching_dag.run_producer manual__2025-06-09T13:40:03.148309+00:00 [running]> on host 4e91ff50f4f4
[2025-06-09T13:48:45.759+0000] {taskinstance.py:2648} INFO - Exporting env vars: AIRFLOW_CTX_DAG_OWNER='***' AIRFLOW_CTX_DAG_ID='kafka_pipeline_branching_dag' AIRFLOW_CTX_TASK_ID='run_producer' AIRFLOW_CTX_EXECUTION_DATE='2025-06-09T13:40:03.148309+00:00' AIRFLOW_CTX_TRY_NUMBER='4' AIRFLOW_CTX_DAG_RUN_ID='manual__2025-06-09T13:40:03.148309+00:00'
[2025-06-09T13:48:45.759+0000] {taskinstance.py:430} INFO - ::endgroup::
[2025-06-09T13:48:45.767+0000] {subprocess.py:63} INFO - Tmp dir root location: /tmp
[2025-06-09T13:48:45.768+0000] {subprocess.py:75} INFO - Running command: ['/usr/bin/bash', '-c', 'python /opt/***/kafka_client/producer.py']
[2025-06-09T13:48:45.772+0000] {subprocess.py:86} INFO - Output:
[2025-06-09T13:49:10.895+0000] {local_task_job_runner.py:310} WARNING - State of this instance has been externally set to skipped. Terminating instance.
[2025-06-09T13:49:10.895+0000] {local_task_job_runner.py:222} INFO - ::endgroup::
[2025-06-09T13:49:10.897+0000] {process_utils.py:132} INFO - Sending 15 to group 1675. PIDs of all processes in the group: [1676, 1675]
[2025-06-09T13:49:10.897+0000] {process_utils.py:87} INFO - Sending the signal 15 to group 1675
[2025-06-09T13:49:10.897+0000] {taskinstance.py:2611} ERROR - Received SIGTERM. Terminating subprocesses.
[2025-06-09T13:49:10.898+0000] {subprocess.py:104} INFO - Sending SIGTERM signal to process group
[2025-06-09T13:49:10.898+0000] {taskinstance.py:441} INFO - ::group::Post task execution logs
[2025-06-09T13:49:10.927+0000] {process_utils.py:80} INFO - Process psutil.Process(pid=1675, status='terminated', exitcode=0, started='13:48:45') (1675) terminated with exit code 0
[2025-06-09T13:49:10.927+0000] {process_utils.py:80} INFO - Process psutil.Process(pid=1676, status='terminated', started='13:48:45') (1676) terminated with exit code None
