[2025-06-08T14:42:56.441+0000] {local_task_job_runner.py:120} INFO - ::group::Pre task execution logs
[2025-06-08T14:42:56.463+0000] {taskinstance.py:2076} INFO - Dependencies all met for dep_context=non-requeueable deps ti=<TaskInstance: master_pipeline_with_es_guard.run_producer manual__2025-06-08T14:42:54.881434+00:00 [queued]>
[2025-06-08T14:42:56.470+0000] {taskinstance.py:2076} INFO - Dependencies all met for dep_context=requeueable deps ti=<TaskInstance: master_pipeline_with_es_guard.run_producer manual__2025-06-08T14:42:54.881434+00:00 [queued]>
[2025-06-08T14:42:56.470+0000] {taskinstance.py:2306} INFO - Starting attempt 1 of 2
[2025-06-08T14:42:56.481+0000] {taskinstance.py:2330} INFO - Executing <Task(BashOperator): run_producer> on 2025-06-08 14:42:54.881434+00:00
[2025-06-08T14:42:56.488+0000] {logging_mixin.py:188} WARNING - /home/***/.local/lib/python3.12/site-packages/***/task/task_runner/standard_task_runner.py:61 DeprecationWarning: This process (pid=2279) is multi-threaded, use of fork() may lead to deadlocks in the child.
[2025-06-08T14:42:56.490+0000] {standard_task_runner.py:63} INFO - Started process 2282 to run task
[2025-06-08T14:42:56.489+0000] {standard_task_runner.py:90} INFO - Running: ['***', 'tasks', 'run', 'master_pipeline_with_es_guard', 'run_producer', 'manual__2025-06-08T14:42:54.881434+00:00', '--job-id', '63', '--raw', '--subdir', 'DAGS_FOLDER/producer_dag.py', '--cfg-path', '/tmp/tmpcevpynbn']
[2025-06-08T14:42:56.491+0000] {standard_task_runner.py:91} INFO - Job 63: Subtask run_producer
[2025-06-08T14:42:56.545+0000] {task_command.py:426} INFO - Running <TaskInstance: master_pipeline_with_es_guard.run_producer manual__2025-06-08T14:42:54.881434+00:00 [running]> on host 5492e8ecb5c1
[2025-06-08T14:42:56.616+0000] {taskinstance.py:2648} INFO - Exporting env vars: AIRFLOW_CTX_DAG_OWNER='panshul' AIRFLOW_CTX_DAG_ID='master_pipeline_with_es_guard' AIRFLOW_CTX_TASK_ID='run_producer' AIRFLOW_CTX_EXECUTION_DATE='2025-06-08T14:42:54.881434+00:00' AIRFLOW_CTX_TRY_NUMBER='1' AIRFLOW_CTX_DAG_RUN_ID='manual__2025-06-08T14:42:54.881434+00:00'
[2025-06-08T14:42:56.618+0000] {taskinstance.py:430} INFO - ::endgroup::
[2025-06-08T14:42:56.630+0000] {subprocess.py:63} INFO - Tmp dir root location: /tmp
[2025-06-08T14:42:56.632+0000] {subprocess.py:75} INFO - Running command: ['/usr/bin/bash', '-c', 'python /opt/***/kafka_client/producer_one_shot.py']
[2025-06-08T14:42:56.642+0000] {subprocess.py:86} INFO - Output:
[2025-06-08T14:53:10.100+0000] {subprocess.py:93} INFO - [🚀] Streaming producer started for 10 minutes
[2025-06-08T14:53:10.103+0000] {subprocess.py:93} INFO - [✔] Sent: covid_chunk_10278.csv
[2025-06-08T14:53:10.103+0000] {subprocess.py:93} INFO - [✔] Sent: covid_chunk_10279.csv
[2025-06-08T14:53:10.104+0000] {subprocess.py:93} INFO - [✔] Sent: covid_chunk_1028.csv
[2025-06-08T14:53:10.104+0000] {subprocess.py:93} INFO - [✔] Sent: covid_chunk_10280.csv
[2025-06-08T14:53:10.105+0000] {subprocess.py:93} INFO - [✔] Sent: covid_chunk_10281.csv
[2025-06-08T14:53:10.105+0000] {subprocess.py:93} INFO - [✔] Sent: covid_chunk_10282.csv
[2025-06-08T14:53:10.105+0000] {subprocess.py:93} INFO - [✔] Sent: covid_chunk_10283.csv
[2025-06-08T14:53:10.105+0000] {subprocess.py:93} INFO - [✔] Sent: covid_chunk_10284.csv
[2025-06-08T14:53:10.106+0000] {subprocess.py:93} INFO - [✔] Sent: covid_chunk_10285.csv
[2025-06-08T14:53:10.107+0000] {subprocess.py:93} INFO - [✔] Sent: covid_chunk_10287.csv
[2025-06-08T14:53:10.107+0000] {subprocess.py:93} INFO - [✔] Sent: covid_chunk_10288.csv
[2025-06-08T14:53:10.107+0000] {subprocess.py:93} INFO - [✔] Sent: covid_chunk_1029.csv
[2025-06-08T14:53:10.107+0000] {subprocess.py:93} INFO - [✔] Sent: covid_chunk_10291.csv
[2025-06-08T14:53:10.107+0000] {subprocess.py:93} INFO - [✔] Sent: covid_chunk_10292.csv
[2025-06-08T14:53:10.108+0000] {subprocess.py:93} INFO - [✔] Sent: covid_chunk_10294.csv
[2025-06-08T14:53:10.108+0000] {subprocess.py:93} INFO - [✔] Sent: covid_chunk_10296.csv
[2025-06-08T14:53:10.108+0000] {subprocess.py:93} INFO - [✔] Sent: covid_chunk_10297.csv
[2025-06-08T14:53:10.108+0000] {subprocess.py:93} INFO - [✔] Sent: covid_chunk_10299.csv
[2025-06-08T14:53:10.109+0000] {subprocess.py:93} INFO - [✔] Sent: covid_chunk_1030.csv
[2025-06-08T14:53:10.109+0000] {subprocess.py:93} INFO - [✔] Sent: covid_chunk_10300.csv
[2025-06-08T14:53:10.109+0000] {subprocess.py:93} INFO - [✔] Sent: covid_chunk_10302.csv
[2025-06-08T14:53:10.109+0000] {subprocess.py:93} INFO - [✔] Sent: covid_chunk_10304.csv
[2025-06-08T14:53:10.109+0000] {subprocess.py:93} INFO - [✔] Sent: covid_chunk_10305.csv
[2025-06-08T14:53:10.110+0000] {subprocess.py:93} INFO - [✔] Sent: covid_chunk_10307.csv
[2025-06-08T14:53:10.110+0000] {subprocess.py:93} INFO - [✔] Sent: covid_chunk_10309.csv
[2025-06-08T14:53:10.110+0000] {subprocess.py:93} INFO - [✔] Sent: covid_chunk_10310.csv
[2025-06-08T14:53:10.110+0000] {subprocess.py:93} INFO - [✔] Sent: covid_chunk_10311.csv
[2025-06-08T14:53:10.110+0000] {subprocess.py:93} INFO - [✔] Sent: covid_chunk_10313.csv
[2025-06-08T14:53:10.111+0000] {subprocess.py:93} INFO - [✔] Sent: covid_chunk_10314.csv
[2025-06-08T14:53:10.111+0000] {subprocess.py:93} INFO - [✔] Sent: covid_chunk_10315.csv
[2025-06-08T14:53:10.111+0000] {subprocess.py:93} INFO - [✅] Producer finished streaming.
[2025-06-08T14:53:10.176+0000] {subprocess.py:97} INFO - Command exited with return code 0
[2025-06-08T14:53:10.178+0000] {taskinstance.py:441} INFO - ::group::Post task execution logs
[2025-06-08T14:53:10.202+0000] {taskinstance.py:1206} INFO - Marking task as SUCCESS. dag_id=master_pipeline_with_es_guard, task_id=run_producer, run_id=manual__2025-06-08T14:42:54.881434+00:00, execution_date=20250608T144254, start_date=20250608T144256, end_date=20250608T145310
[2025-06-08T14:53:10.252+0000] {local_task_job_runner.py:240} INFO - Task exited with return code 0
[2025-06-08T14:53:10.264+0000] {taskinstance.py:3498} INFO - 0 downstream tasks scheduled from follow-on schedule check
[2025-06-08T14:53:10.265+0000] {local_task_job_runner.py:222} INFO - ::endgroup::
