[2025-06-08T07:13:10.876+0000] {local_task_job_runner.py:120} INFO - ::group::Pre task execution logs
[2025-06-08T07:13:10.893+0000] {taskinstance.py:2076} INFO - Dependencies all met for dep_context=non-requeueable deps ti=<TaskInstance: producer_dag.run_producer_one_file manual__2025-06-08T07:13:08.621916+00:00 [queued]>
[2025-06-08T07:13:10.899+0000] {taskinstance.py:2076} INFO - Dependencies all met for dep_context=requeueable deps ti=<TaskInstance: producer_dag.run_producer_one_file manual__2025-06-08T07:13:08.621916+00:00 [queued]>
[2025-06-08T07:13:10.899+0000] {taskinstance.py:2306} INFO - Starting attempt 1 of 3
[2025-06-08T07:13:10.906+0000] {taskinstance.py:2330} INFO - Executing <Task(BashOperator): run_producer_one_file> on 2025-06-08 07:13:08.621916+00:00
[2025-06-08T07:13:10.912+0000] {standard_task_runner.py:90} INFO - Running: ['***', 'tasks', 'run', 'producer_dag', 'run_producer_one_file', 'manual__2025-06-08T07:13:08.621916+00:00', '--job-id', '11', '--raw', '--subdir', 'DAGS_FOLDER/producer_dag.py', '--cfg-path', '/tmp/tmp8b6a5au4']
[2025-06-08T07:13:10.914+0000] {logging_mixin.py:188} WARNING - /home/***/.local/lib/python3.12/site-packages/***/task/task_runner/standard_task_runner.py:61 DeprecationWarning: This process (pid=361) is multi-threaded, use of fork() may lead to deadlocks in the child.
[2025-06-08T07:13:10.914+0000] {standard_task_runner.py:91} INFO - Job 11: Subtask run_producer_one_file
[2025-06-08T07:13:10.914+0000] {standard_task_runner.py:63} INFO - Started process 363 to run task
[2025-06-08T07:13:10.940+0000] {task_command.py:426} INFO - Running <TaskInstance: producer_dag.run_producer_one_file manual__2025-06-08T07:13:08.621916+00:00 [running]> on host 5492e8ecb5c1
[2025-06-08T07:13:10.984+0000] {taskinstance.py:2648} INFO - Exporting env vars: AIRFLOW_CTX_DAG_OWNER='panshul' AIRFLOW_CTX_DAG_ID='producer_dag' AIRFLOW_CTX_TASK_ID='run_producer_one_file' AIRFLOW_CTX_EXECUTION_DATE='2025-06-08T07:13:08.621916+00:00' AIRFLOW_CTX_TRY_NUMBER='1' AIRFLOW_CTX_DAG_RUN_ID='manual__2025-06-08T07:13:08.621916+00:00'
[2025-06-08T07:13:10.985+0000] {taskinstance.py:430} INFO - ::endgroup::
[2025-06-08T07:13:10.991+0000] {subprocess.py:63} INFO - Tmp dir root location: /tmp
[2025-06-08T07:13:10.992+0000] {subprocess.py:75} INFO - Running command: ['/usr/bin/bash', '-c', 'python /opt/***/kafka_client/producer_one_shot.py']
[2025-06-08T07:13:10.998+0000] {subprocess.py:86} INFO - Output:
[2025-06-08T07:13:11.232+0000] {subprocess.py:93} INFO - Connecting to Kafka broker: kafka:29092
[2025-06-08T07:13:11.233+0000] {subprocess.py:93} INFO - ✅ Message sent successfully!
[2025-06-08T07:13:11.245+0000] {subprocess.py:97} INFO - Command exited with return code 0
[2025-06-08T07:13:11.246+0000] {taskinstance.py:441} INFO - ::group::Post task execution logs
[2025-06-08T07:13:11.268+0000] {taskinstance.py:1206} INFO - Marking task as SUCCESS. dag_id=producer_dag, task_id=run_producer_one_file, run_id=manual__2025-06-08T07:13:08.621916+00:00, execution_date=20250608T071308, start_date=20250608T071310, end_date=20250608T071311
[2025-06-08T07:13:11.301+0000] {local_task_job_runner.py:240} INFO - Task exited with return code 0
[2025-06-08T07:13:11.313+0000] {taskinstance.py:3498} INFO - 0 downstream tasks scheduled from follow-on schedule check
[2025-06-08T07:13:11.315+0000] {local_task_job_runner.py:222} INFO - ::endgroup::
