[2025-06-08T14:01:17.451+0000] {local_task_job_runner.py:120} INFO - ::group::Pre task execution logs
[2025-06-08T14:01:17.476+0000] {taskinstance.py:2076} INFO - Dependencies all met for dep_context=non-requeueable deps ti=<TaskInstance: master_pipeline_with_es_guard.run_consumer scheduled__2025-06-08T13:30:00+00:00 [queued]>
[2025-06-08T14:01:17.488+0000] {taskinstance.py:2076} INFO - Dependencies all met for dep_context=requeueable deps ti=<TaskInstance: master_pipeline_with_es_guard.run_consumer scheduled__2025-06-08T13:30:00+00:00 [queued]>
[2025-06-08T14:01:17.489+0000] {taskinstance.py:2306} INFO - Starting attempt 1 of 2
[2025-06-08T14:01:17.503+0000] {taskinstance.py:2330} INFO - Executing <Task(BashOperator): run_consumer> on 2025-06-08 13:30:00+00:00
[2025-06-08T14:01:17.510+0000] {logging_mixin.py:188} WARNING - /home/***/.local/lib/python3.12/site-packages/***/task/task_runner/standard_task_runner.py:61 DeprecationWarning: This process (pid=1710) is multi-threaded, use of fork() may lead to deadlocks in the child.
[2025-06-08T14:01:17.512+0000] {standard_task_runner.py:63} INFO - Started process 1713 to run task
[2025-06-08T14:01:17.511+0000] {standard_task_runner.py:90} INFO - Running: ['***', 'tasks', 'run', 'master_pipeline_with_es_guard', 'run_consumer', 'scheduled__2025-06-08T13:30:00+00:00', '--job-id', '41', '--raw', '--subdir', 'DAGS_FOLDER/producer_dag.py', '--cfg-path', '/tmp/tmpm_gunpbl']
[2025-06-08T14:01:17.513+0000] {standard_task_runner.py:91} INFO - Job 41: Subtask run_consumer
[2025-06-08T14:01:17.553+0000] {task_command.py:426} INFO - Running <TaskInstance: master_pipeline_with_es_guard.run_consumer scheduled__2025-06-08T13:30:00+00:00 [running]> on host 5492e8ecb5c1
[2025-06-08T14:01:17.624+0000] {taskinstance.py:2648} INFO - Exporting env vars: AIRFLOW_CTX_DAG_OWNER='panshul' AIRFLOW_CTX_DAG_ID='master_pipeline_with_es_guard' AIRFLOW_CTX_TASK_ID='run_consumer' AIRFLOW_CTX_EXECUTION_DATE='2025-06-08T13:30:00+00:00' AIRFLOW_CTX_TRY_NUMBER='1' AIRFLOW_CTX_DAG_RUN_ID='scheduled__2025-06-08T13:30:00+00:00'
[2025-06-08T14:01:17.625+0000] {taskinstance.py:430} INFO - ::endgroup::
[2025-06-08T14:01:17.635+0000] {subprocess.py:63} INFO - Tmp dir root location: /tmp
[2025-06-08T14:01:17.636+0000] {subprocess.py:75} INFO - Running command: ['/usr/bin/bash', '-c', 'python /opt/***/kafka_client/consumer_***.py']
[2025-06-08T14:01:17.642+0000] {subprocess.py:86} INFO - Output:
[2025-06-08T14:01:19.875+0000] {subprocess.py:93} INFO - 2025-06-08 14:01:19,874 - INFO - ✅ spaCy model loaded successfully
[2025-06-08T14:01:19.905+0000] {subprocess.py:93} INFO - 2025-06-08 14:01:19,905 - INFO - ✅ Geolocator initialized
[2025-06-08T14:01:20.021+0000] {subprocess.py:93} INFO - 2025-06-08 14:01:20,021 - INFO - <BrokerConnection node_id=bootstrap-0 host=kafka:29092 <connecting> [IPv4 ('172.20.0.4', 29092)]>: connecting to kafka:29092 [('172.20.0.4', 29092) IPv4]
[2025-06-08T14:01:20.022+0000] {subprocess.py:93} INFO - 2025-06-08 14:01:20,021 - INFO - Probing node bootstrap-0 broker version
[2025-06-08T14:01:20.022+0000] {subprocess.py:93} INFO - 2025-06-08 14:01:20,022 - INFO - <BrokerConnection node_id=bootstrap-0 host=kafka:29092 <connecting> [IPv4 ('172.20.0.4', 29092)]>: Connection complete.
[2025-06-08T14:01:20.125+0000] {subprocess.py:93} INFO - 2025-06-08 14:01:20,125 - INFO - Broker version identified as 2.6.0
[2025-06-08T14:01:20.125+0000] {subprocess.py:93} INFO - 2025-06-08 14:01:20,125 - INFO - Set configuration api_version=(2, 6, 0) to skip auto check_version requests on startup
[2025-06-08T14:01:20.125+0000] {subprocess.py:93} INFO - 2025-06-08 14:01:20,125 - INFO - Updating subscribed topics to: ('covid-data',)
[2025-06-08T14:01:20.126+0000] {subprocess.py:93} INFO - 2025-06-08 14:01:20,126 - INFO - <BrokerConnection node_id=bootstrap-0 host=kafka:29092 <connecting> [IPv4 ('172.20.0.4', 29092)]>: connecting to kafka:29092 [('172.20.0.4', 29092) IPv4]
[2025-06-08T14:01:20.126+0000] {subprocess.py:93} INFO - 2025-06-08 14:01:20,126 - INFO - Probing node bootstrap-0 broker version
[2025-06-08T14:01:20.127+0000] {subprocess.py:93} INFO - 2025-06-08 14:01:20,126 - INFO - <BrokerConnection node_id=bootstrap-0 host=kafka:29092 <connecting> [IPv4 ('172.20.0.4', 29092)]>: Connection complete.
[2025-06-08T14:01:20.228+0000] {subprocess.py:93} INFO - 2025-06-08 14:01:20,228 - INFO - Broker version identified as 2.6.0
[2025-06-08T14:01:20.228+0000] {subprocess.py:93} INFO - 2025-06-08 14:01:20,228 - INFO - Set configuration api_version=(2, 6, 0) to skip auto check_version requests on startup
[2025-06-08T14:01:20.229+0000] {subprocess.py:93} INFO - 2025-06-08 14:01:20,229 - INFO - 🚀 Kafka Consumer is running. Connecting to: kafka:29092
[2025-06-08T14:01:20.231+0000] {subprocess.py:93} INFO - 2025-06-08 14:01:20,230 - INFO - Group coordinator for tweet-transformer-group is BrokerMetadata(nodeId='coordinator-1', host='kafka', port=29092, rack=None)
[2025-06-08T14:01:20.231+0000] {subprocess.py:93} INFO - 2025-06-08 14:01:20,231 - INFO - Discovered coordinator coordinator-1 for group tweet-transformer-group
[2025-06-08T14:01:20.232+0000] {subprocess.py:93} INFO - 2025-06-08 14:01:20,231 - INFO - Starting new heartbeat thread
[2025-06-08T14:01:20.232+0000] {subprocess.py:93} INFO - 2025-06-08 14:01:20,231 - INFO - Revoking previously assigned partitions set() for group tweet-transformer-group
[2025-06-08T14:01:20.232+0000] {subprocess.py:93} INFO - 2025-06-08 14:01:20,231 - INFO - <BrokerConnection node_id=coordinator-1 host=kafka:29092 <connecting> [IPv4 ('172.20.0.4', 29092)]>: connecting to kafka:29092 [('172.20.0.4', 29092) IPv4]
[2025-06-08T14:01:20.233+0000] {subprocess.py:93} INFO - 2025-06-08 14:01:20,232 - INFO - <BrokerConnection node_id=coordinator-1 host=kafka:29092 <connecting> [IPv4 ('172.20.0.4', 29092)]>: Connection complete.
[2025-06-08T14:01:20.233+0000] {subprocess.py:93} INFO - 2025-06-08 14:01:20,232 - INFO - <BrokerConnection node_id=bootstrap-0 host=kafka:29092 <connected> [IPv4 ('172.20.0.4', 29092)]>: Closing connection.
[2025-06-08T14:01:20.334+0000] {subprocess.py:93} INFO - 2025-06-08 14:01:20,334 - INFO - (Re-)joining group tweet-transformer-group
[2025-06-08T14:01:20.335+0000] {subprocess.py:93} INFO - 2025-06-08 14:01:20,335 - INFO - <BrokerConnection node_id=bootstrap-0 host=kafka:29092 <connecting> [IPv4 ('172.20.0.4', 29092)]>: connecting to kafka:29092 [('172.20.0.4', 29092) IPv4]
[2025-06-08T14:01:20.336+0000] {subprocess.py:93} INFO - 2025-06-08 14:01:20,335 - INFO - <BrokerConnection node_id=bootstrap-0 host=kafka:29092 <connecting> [IPv4 ('172.20.0.4', 29092)]>: Connection complete.
[2025-06-08T14:01:22.446+0000] {subprocess.py:93} INFO - 2025-06-08 14:01:22,446 - INFO - Successfully joined group tweet-transformer-group with generation 4
[2025-06-08T14:01:22.447+0000] {subprocess.py:93} INFO - 2025-06-08 14:01:22,446 - INFO - Updated partition assignment: []
[2025-06-08T14:01:22.447+0000] {subprocess.py:93} INFO - 2025-06-08 14:01:22,446 - INFO - Setting newly assigned partitions set() for group tweet-transformer-group
[2025-06-08T14:06:20.290+0000] {subprocess.py:93} INFO - 2025-06-08 14:06:20,288 - INFO - <BrokerConnection node_id=1 host=kafka:29092 <connecting> [IPv4 ('172.20.0.4', 29092)]>: connecting to kafka:29092 [('172.20.0.4', 29092) IPv4]
[2025-06-08T14:06:20.293+0000] {subprocess.py:93} INFO - 2025-06-08 14:06:20,290 - INFO - <BrokerConnection node_id=1 host=kafka:29092 <connecting> [IPv4 ('172.20.0.4', 29092)]>: Connection complete.
[2025-06-08T14:06:20.294+0000] {subprocess.py:93} INFO - 2025-06-08 14:06:20,290 - INFO - <BrokerConnection node_id=bootstrap-0 host=kafka:29092 <connected> [IPv4 ('172.20.0.4', 29092)]>: Closing connection.
[2025-06-08T14:06:20.340+0000] {subprocess.py:93} INFO - 2025-06-08 14:06:20,339 - INFO - <BrokerConnection node_id=1 host=kafka:29092 <connecting> [IPv4 ('172.20.0.4', 29092)]>: connecting to kafka:29092 [('172.20.0.4', 29092) IPv4]
[2025-06-08T14:06:20.341+0000] {subprocess.py:93} INFO - 2025-06-08 14:06:20,340 - INFO - <BrokerConnection node_id=1 host=kafka:29092 <connecting> [IPv4 ('172.20.0.4', 29092)]>: Connection complete.
[2025-06-08T14:06:20.341+0000] {subprocess.py:93} INFO - 2025-06-08 14:06:20,340 - INFO - <BrokerConnection node_id=bootstrap-0 host=kafka:29092 <connected> [IPv4 ('172.20.0.4', 29092)]>: Closing connection.
[2025-06-08T14:21:27.679+0000] {subprocess.py:93} INFO - 2025-06-08 14:21:27,677 - WARNING - Heartbeat failed for group tweet-transformer-group because it is rebalancing
[2025-06-08T14:21:27.683+0000] {subprocess.py:93} INFO - 2025-06-08 14:21:27,678 - INFO - Revoking previously assigned partitions set() for group tweet-transformer-group
[2025-06-08T14:21:27.683+0000] {subprocess.py:93} INFO - 2025-06-08 14:21:27,678 - INFO - (Re-)joining group tweet-transformer-group
[2025-06-08T14:21:28.897+0000] {subprocess.py:93} INFO - 2025-06-08 14:21:28,896 - INFO - Successfully joined group tweet-transformer-group with generation 5
[2025-06-08T14:21:28.898+0000] {subprocess.py:93} INFO - 2025-06-08 14:21:28,896 - INFO - Updated partition assignment: []
[2025-06-08T14:21:28.899+0000] {subprocess.py:93} INFO - 2025-06-08 14:21:28,896 - INFO - Setting newly assigned partitions set() for group tweet-transformer-group
[2025-06-08T14:29:08.569+0000] {subprocess.py:93} INFO - 2025-06-08 14:29:08,567 - WARNING - Heartbeat failed for group tweet-transformer-group because it is rebalancing
[2025-06-08T14:29:08.572+0000] {subprocess.py:93} INFO - 2025-06-08 14:29:08,568 - INFO - Revoking previously assigned partitions set() for group tweet-transformer-group
[2025-06-08T14:29:08.572+0000] {subprocess.py:93} INFO - 2025-06-08 14:29:08,568 - INFO - (Re-)joining group tweet-transformer-group
[2025-06-08T14:29:09.175+0000] {subprocess.py:93} INFO - 2025-06-08 14:29:09,174 - INFO - Successfully joined group tweet-transformer-group with generation 6
[2025-06-08T14:29:09.176+0000] {subprocess.py:93} INFO - 2025-06-08 14:29:09,175 - INFO - Updated partition assignment: []
[2025-06-08T14:29:09.176+0000] {subprocess.py:93} INFO - 2025-06-08 14:29:09,175 - INFO - Setting newly assigned partitions set() for group tweet-transformer-group
[2025-06-08T14:30:06.268+0000] {subprocess.py:93} INFO - 2025-06-08 14:30:06,266 - WARNING - Heartbeat failed for group tweet-transformer-group because it is rebalancing
[2025-06-08T14:30:06.272+0000] {subprocess.py:93} INFO - 2025-06-08 14:30:06,267 - INFO - Revoking previously assigned partitions set() for group tweet-transformer-group
[2025-06-08T14:30:06.273+0000] {subprocess.py:93} INFO - 2025-06-08 14:30:06,268 - INFO - (Re-)joining group tweet-transformer-group
[2025-06-08T14:30:07.153+0000] {subprocess.py:93} INFO - 2025-06-08 14:30:07,153 - INFO - Successfully joined group tweet-transformer-group with generation 7
[2025-06-08T14:30:07.154+0000] {subprocess.py:93} INFO - 2025-06-08 14:30:07,153 - INFO - Updated partition assignment: []
[2025-06-08T14:30:07.154+0000] {subprocess.py:93} INFO - 2025-06-08 14:30:07,153 - INFO - Setting newly assigned partitions set() for group tweet-transformer-group
[2025-06-08T14:39:34.927+0000] {subprocess.py:93} INFO - 2025-06-08 14:39:34,925 - WARNING - Heartbeat failed for group tweet-transformer-group because it is rebalancing
[2025-06-08T14:39:34.931+0000] {subprocess.py:93} INFO - 2025-06-08 14:39:34,926 - INFO - Revoking previously assigned partitions set() for group tweet-transformer-group
[2025-06-08T14:39:34.931+0000] {subprocess.py:93} INFO - 2025-06-08 14:39:34,927 - INFO - (Re-)joining group tweet-transformer-group
[2025-06-08T14:39:35.754+0000] {subprocess.py:93} INFO - 2025-06-08 14:39:35,754 - INFO - Successfully joined group tweet-transformer-group with generation 8
[2025-06-08T14:39:35.755+0000] {subprocess.py:93} INFO - 2025-06-08 14:39:35,754 - INFO - Updated partition assignment: []
[2025-06-08T14:39:35.757+0000] {subprocess.py:93} INFO - 2025-06-08 14:39:35,754 - INFO - Setting newly assigned partitions set() for group tweet-transformer-group
[2025-06-08T14:46:00.373+0000] {subprocess.py:93} INFO - 2025-06-08 14:46:00,371 - WARNING - Heartbeat failed for group tweet-transformer-group because it is rebalancing
[2025-06-08T14:46:00.376+0000] {subprocess.py:93} INFO - 2025-06-08 14:46:00,372 - INFO - Revoking previously assigned partitions set() for group tweet-transformer-group
[2025-06-08T14:46:00.376+0000] {subprocess.py:93} INFO - 2025-06-08 14:46:00,372 - INFO - (Re-)joining group tweet-transformer-group
[2025-06-08T14:46:00.786+0000] {subprocess.py:93} INFO - 2025-06-08 14:46:00,786 - INFO - Successfully joined group tweet-transformer-group with generation 9
[2025-06-08T14:46:00.787+0000] {subprocess.py:93} INFO - 2025-06-08 14:46:00,786 - INFO - Updated partition assignment: []
[2025-06-08T14:46:00.787+0000] {subprocess.py:93} INFO - 2025-06-08 14:46:00,786 - INFO - Setting newly assigned partitions set() for group tweet-transformer-group
[2025-06-08T14:46:03.787+0000] {subprocess.py:93} INFO - 2025-06-08 14:46:03,787 - WARNING - Heartbeat failed for group tweet-transformer-group because it is rebalancing
[2025-06-08T14:46:03.787+0000] {subprocess.py:93} INFO - 2025-06-08 14:46:03,787 - INFO - Revoking previously assigned partitions set() for group tweet-transformer-group
[2025-06-08T14:46:03.787+0000] {subprocess.py:93} INFO - 2025-06-08 14:46:03,787 - INFO - (Re-)joining group tweet-transformer-group
[2025-06-08T14:46:08.295+0000] {subprocess.py:93} INFO - 2025-06-08 14:46:08,294 - INFO - Successfully joined group tweet-transformer-group with generation 10
[2025-06-08T14:46:08.295+0000] {subprocess.py:93} INFO - 2025-06-08 14:46:08,295 - INFO - Updated partition assignment: []
[2025-06-08T14:46:08.296+0000] {subprocess.py:93} INFO - 2025-06-08 14:46:08,295 - INFO - Setting newly assigned partitions set() for group tweet-transformer-group
[2025-06-08T14:47:59.416+0000] {subprocess.py:93} INFO - 2025-06-08 14:47:59,414 - WARNING - Heartbeat failed for group tweet-transformer-group because it is rebalancing
[2025-06-08T14:47:59.420+0000] {subprocess.py:93} INFO - 2025-06-08 14:47:59,415 - INFO - Revoking previously assigned partitions set() for group tweet-transformer-group
[2025-06-08T14:47:59.420+0000] {subprocess.py:93} INFO - 2025-06-08 14:47:59,415 - INFO - (Re-)joining group tweet-transformer-group
[2025-06-08T14:48:00.116+0000] {subprocess.py:93} INFO - 2025-06-08 14:48:00,116 - INFO - Successfully joined group tweet-transformer-group with generation 11
[2025-06-08T14:48:00.117+0000] {subprocess.py:93} INFO - 2025-06-08 14:48:00,116 - INFO - Updated partition assignment: []
[2025-06-08T14:48:00.118+0000] {subprocess.py:93} INFO - 2025-06-08 14:48:00,117 - INFO - Setting newly assigned partitions set() for group tweet-transformer-group
[2025-06-08T14:48:06.128+0000] {subprocess.py:93} INFO - 2025-06-08 14:48:06,128 - WARNING - Heartbeat failed for group tweet-transformer-group because it is rebalancing
[2025-06-08T14:48:06.130+0000] {subprocess.py:93} INFO - 2025-06-08 14:48:06,128 - INFO - Revoking previously assigned partitions set() for group tweet-transformer-group
[2025-06-08T14:48:06.130+0000] {subprocess.py:93} INFO - 2025-06-08 14:48:06,128 - INFO - (Re-)joining group tweet-transformer-group
[2025-06-08T14:48:06.133+0000] {subprocess.py:93} INFO - 2025-06-08 14:48:06,133 - INFO - Successfully joined group tweet-transformer-group with generation 12
[2025-06-08T14:48:06.133+0000] {subprocess.py:93} INFO - 2025-06-08 14:48:06,133 - INFO - Updated partition assignment: []
[2025-06-08T14:48:06.134+0000] {subprocess.py:93} INFO - 2025-06-08 14:48:06,133 - INFO - Setting newly assigned partitions set() for group tweet-transformer-group
[2025-06-08T14:52:24.502+0000] {subprocess.py:93} INFO - 2025-06-08 14:52:24,500 - WARNING - Heartbeat failed for group tweet-transformer-group because it is rebalancing
[2025-06-08T14:52:24.506+0000] {subprocess.py:93} INFO - 2025-06-08 14:52:24,501 - INFO - Revoking previously assigned partitions set() for group tweet-transformer-group
[2025-06-08T14:52:24.506+0000] {subprocess.py:93} INFO - 2025-06-08 14:52:24,501 - INFO - (Re-)joining group tweet-transformer-group
[2025-06-08T14:52:24.940+0000] {subprocess.py:93} INFO - 2025-06-08 14:52:24,940 - INFO - Successfully joined group tweet-transformer-group with generation 13
[2025-06-08T14:52:24.941+0000] {subprocess.py:93} INFO - 2025-06-08 14:52:24,940 - INFO - Updated partition assignment: []
[2025-06-08T14:52:24.941+0000] {subprocess.py:93} INFO - 2025-06-08 14:52:24,940 - INFO - Setting newly assigned partitions set() for group tweet-transformer-group
[2025-06-08T15:03:40.855+0000] {subprocess.py:93} INFO - 2025-06-08 15:03:40,854 - WARNING - Heartbeat failed for group tweet-transformer-group because it is rebalancing
[2025-06-08T15:03:40.857+0000] {subprocess.py:93} INFO - 2025-06-08 15:03:40,854 - INFO - Revoking previously assigned partitions set() for group tweet-transformer-group
[2025-06-08T15:03:40.857+0000] {subprocess.py:93} INFO - 2025-06-08 15:03:40,854 - INFO - (Re-)joining group tweet-transformer-group
[2025-06-08T15:03:41.602+0000] {local_task_job_runner.py:310} WARNING - State of this instance has been externally set to None. Terminating instance.
[2025-06-08T15:03:41.604+0000] {local_task_job_runner.py:222} INFO - ::endgroup::
[2025-06-08T15:03:41.605+0000] {process_utils.py:132} INFO - Sending 15 to group 1713. PIDs of all processes in the group: [1715, 1713]
[2025-06-08T15:03:41.605+0000] {process_utils.py:87} INFO - Sending the signal 15 to group 1713
[2025-06-08T15:03:41.606+0000] {taskinstance.py:2611} ERROR - Received SIGTERM. Terminating subprocesses.
[2025-06-08T15:03:41.606+0000] {subprocess.py:104} INFO - Sending SIGTERM signal to process group
[2025-06-08T15:03:41.607+0000] {taskinstance.py:441} INFO - ::group::Post task execution logs
[2025-06-08T15:03:41.618+0000] {taskinstance.py:2905} ERROR - Task failed with exception
Traceback (most recent call last):
  File "/home/airflow/.local/lib/python3.12/site-packages/airflow/models/taskinstance.py", line 465, in _execute_task
    result = _execute_callable(context=context, **execute_callable_kwargs)
             ^^^^^^^^^^^^^^^^^^^^^^^^^^^^^^^^^^^^^^^^^^^^^^^^^^^^^^^^^^^^^
  File "/home/airflow/.local/lib/python3.12/site-packages/airflow/models/taskinstance.py", line 432, in _execute_callable
    return execute_callable(context=context, **execute_callable_kwargs)
           ^^^^^^^^^^^^^^^^^^^^^^^^^^^^^^^^^^^^^^^^^^^^^^^^^^^^^^^^^^^^
  File "/home/airflow/.local/lib/python3.12/site-packages/airflow/models/baseoperator.py", line 400, in wrapper
    return func(self, *args, **kwargs)
           ^^^^^^^^^^^^^^^^^^^^^^^^^^^
  File "/home/airflow/.local/lib/python3.12/site-packages/airflow/operators/bash.py", line 234, in execute
    result = self.subprocess_hook.run_command(
             ^^^^^^^^^^^^^^^^^^^^^^^^^^^^^^^^^
  File "/home/airflow/.local/lib/python3.12/site-packages/airflow/hooks/subprocess.py", line 91, in run_command
    for raw_line in iter(self.sub_process.stdout.readline, b""):
  File "/home/airflow/.local/lib/python3.12/site-packages/airflow/models/taskinstance.py", line 2613, in signal_handler
    raise AirflowTaskTerminated("Task received SIGTERM signal")
airflow.exceptions.AirflowTaskTerminated: Task received SIGTERM signal
[2025-06-08T15:03:41.622+0000] {taskinstance.py:1206} INFO - Marking task as FAILED. dag_id=master_pipeline_with_es_guard, task_id=run_consumer, run_id=scheduled__2025-06-08T13:30:00+00:00, execution_date=20250608T133000, start_date=20250608T140117, end_date=20250608T150341
[2025-06-08T15:03:41.635+0000] {standard_task_runner.py:110} ERROR - Failed to execute job 41 for task run_consumer ((psycopg2.errors.ForeignKeyViolation) insert or update on table "task_fail" violates foreign key constraint "task_fail_ti_fkey"
DETAIL:  Key (dag_id, task_id, run_id, map_index)=(master_pipeline_with_es_guard, run_consumer, scheduled__2025-06-08T13:30:00+00:00, -1) is not present in table "task_instance".

[SQL: INSERT INTO task_fail (task_id, dag_id, run_id, map_index, start_date, end_date, duration) VALUES (%(task_id)s, %(dag_id)s, %(run_id)s, %(map_index)s, %(start_date)s, %(end_date)s, %(duration)s) RETURNING task_fail.id]
[parameters: {'task_id': 'run_consumer', 'dag_id': 'master_pipeline_with_es_guard', 'run_id': 'scheduled__2025-06-08T13:30:00+00:00', 'map_index': -1, 'start_date': datetime.datetime(2025, 6, 8, 14, 1, 17, 477810, tzinfo=Timezone('UTC')), 'end_date': datetime.datetime(2025, 6, 8, 15, 3, 41, 621495, tzinfo=Timezone('UTC')), 'duration': 3744}]
(Background on this error at: https://sqlalche.me/e/14/gkpj); 1713)
[2025-06-08T15:03:41.666+0000] {process_utils.py:80} INFO - Process psutil.Process(pid=1715, status='terminated', started='14:01:16') (1715) terminated with exit code None
[2025-06-08T15:03:41.666+0000] {process_utils.py:80} INFO - Process psutil.Process(pid=1713, status='terminated', exitcode=1, started='14:01:16') (1713) terminated with exit code 1
