[2025-06-08T13:18:51.261+0000] {local_task_job_runner.py:120} INFO - ::group::Pre task execution logs
[2025-06-08T13:18:51.280+0000] {taskinstance.py:2076} INFO - Dependencies all met for dep_context=non-requeueable deps ti=<TaskInstance: master_pipeline_with_es_guard.run_producer manual__2025-06-08T13:18:49.528556+00:00 [queued]>
[2025-06-08T13:18:51.287+0000] {taskinstance.py:2076} INFO - Dependencies all met for dep_context=requeueable deps ti=<TaskInstance: master_pipeline_with_es_guard.run_producer manual__2025-06-08T13:18:49.528556+00:00 [queued]>
[2025-06-08T13:18:51.287+0000] {taskinstance.py:2306} INFO - Starting attempt 1 of 2
[2025-06-08T13:18:51.295+0000] {taskinstance.py:2330} INFO - Executing <Task(BashOperator): run_producer> on 2025-06-08 13:18:49.528556+00:00
[2025-06-08T13:18:51.300+0000] {standard_task_runner.py:90} INFO - Running: ['***', 'tasks', 'run', 'master_pipeline_with_es_guard', 'run_producer', 'manual__2025-06-08T13:18:49.528556+00:00', '--job-id', '22', '--raw', '--subdir', 'DAGS_FOLDER/producer_dag.py', '--cfg-path', '/tmp/tmpycny6dlc']
[2025-06-08T13:18:51.302+0000] {standard_task_runner.py:91} INFO - Job 22: Subtask run_producer
[2025-06-08T13:18:51.304+0000] {logging_mixin.py:188} WARNING - /home/***/.local/lib/python3.12/site-packages/***/task/task_runner/standard_task_runner.py:61 DeprecationWarning: This process (pid=951) is multi-threaded, use of fork() may lead to deadlocks in the child.
[2025-06-08T13:18:51.307+0000] {standard_task_runner.py:63} INFO - Started process 953 to run task
[2025-06-08T13:18:51.327+0000] {task_command.py:426} INFO - Running <TaskInstance: master_pipeline_with_es_guard.run_producer manual__2025-06-08T13:18:49.528556+00:00 [running]> on host 5492e8ecb5c1
[2025-06-08T13:18:51.365+0000] {taskinstance.py:2648} INFO - Exporting env vars: AIRFLOW_CTX_DAG_OWNER='panshul' AIRFLOW_CTX_DAG_ID='master_pipeline_with_es_guard' AIRFLOW_CTX_TASK_ID='run_producer' AIRFLOW_CTX_EXECUTION_DATE='2025-06-08T13:18:49.528556+00:00' AIRFLOW_CTX_TRY_NUMBER='1' AIRFLOW_CTX_DAG_RUN_ID='manual__2025-06-08T13:18:49.528556+00:00'
[2025-06-08T13:18:51.365+0000] {taskinstance.py:430} INFO - ::endgroup::
[2025-06-08T13:18:51.371+0000] {subprocess.py:63} INFO - Tmp dir root location: /tmp
[2025-06-08T13:18:51.372+0000] {subprocess.py:75} INFO - Running command: ['/usr/bin/bash', '-c', 'python /opt/***/kafka_client/producer_one_shot.py']
[2025-06-08T13:18:51.378+0000] {subprocess.py:86} INFO - Output:
[2025-06-08T13:18:51.590+0000] {subprocess.py:93} INFO - Connecting to Kafka broker: kafka:29092
[2025-06-08T13:18:51.591+0000] {subprocess.py:93} INFO - ✅ Message sent successfully!
[2025-06-08T13:18:51.600+0000] {subprocess.py:97} INFO - Command exited with return code 0
[2025-06-08T13:18:51.601+0000] {taskinstance.py:441} INFO - ::group::Post task execution logs
[2025-06-08T13:18:51.619+0000] {taskinstance.py:1206} INFO - Marking task as SUCCESS. dag_id=master_pipeline_with_es_guard, task_id=run_producer, run_id=manual__2025-06-08T13:18:49.528556+00:00, execution_date=20250608T131849, start_date=20250608T131851, end_date=20250608T131851
[2025-06-08T13:18:51.650+0000] {local_task_job_runner.py:240} INFO - Task exited with return code 0
[2025-06-08T13:18:51.670+0000] {taskinstance.py:3498} INFO - 1 downstream tasks scheduled from follow-on schedule check
[2025-06-08T13:18:51.674+0000] {local_task_job_runner.py:222} INFO - ::endgroup::
