[2025-06-09T13:39:48.805+0000] {local_task_job_runner.py:120} INFO - ::group::Pre task execution logs
[2025-06-09T13:39:48.823+0000] {taskinstance.py:2076} INFO - Dependencies all met for dep_context=non-requeueable deps ti=<TaskInstance: hello_world_dag.print_hello manual__2025-06-09T13:39:18.143559+00:00 [queued]>
[2025-06-09T13:39:48.829+0000] {taskinstance.py:2076} INFO - Dependencies all met for dep_context=requeueable deps ti=<TaskInstance: hello_world_dag.print_hello manual__2025-06-09T13:39:18.143559+00:00 [queued]>
[2025-06-09T13:39:48.830+0000] {taskinstance.py:2306} INFO - Starting attempt 2 of 2
[2025-06-09T13:39:48.839+0000] {taskinstance.py:2330} INFO - Executing <Task(BashOperator): print_hello> on 2025-06-09 13:39:18.143559+00:00
[2025-06-09T13:39:48.846+0000] {standard_task_runner.py:90} INFO - Running: ['***', 'tasks', 'run', 'hello_world_dag', 'print_hello', 'manual__2025-06-09T13:39:18.143559+00:00', '--job-id', '6', '--raw', '--subdir', 'DAGS_FOLDER/test1_dag.py', '--cfg-path', '/tmp/tmp6zjgw50t']
[2025-06-09T13:39:48.848+0000] {standard_task_runner.py:91} INFO - Job 6: Subtask print_hello
[2025-06-09T13:39:48.847+0000] {logging_mixin.py:188} WARNING - /home/***/.local/lib/python3.12/site-packages/***/task/task_runner/standard_task_runner.py:61 DeprecationWarning: This process (pid=1392) is multi-threaded, use of fork() may lead to deadlocks in the child.
[2025-06-09T13:39:48.849+0000] {standard_task_runner.py:63} INFO - Started process 1394 to run task
[2025-06-09T13:39:48.881+0000] {task_command.py:426} INFO - Running <TaskInstance: hello_world_dag.print_hello manual__2025-06-09T13:39:18.143559+00:00 [running]> on host 4e91ff50f4f4
[2025-06-09T13:39:48.924+0000] {taskinstance.py:2648} INFO - Exporting env vars: AIRFLOW_CTX_DAG_OWNER='***' AIRFLOW_CTX_DAG_ID='hello_world_dag' AIRFLOW_CTX_TASK_ID='print_hello' AIRFLOW_CTX_EXECUTION_DATE='2025-06-09T13:39:18.143559+00:00' AIRFLOW_CTX_TRY_NUMBER='2' AIRFLOW_CTX_DAG_RUN_ID='manual__2025-06-09T13:39:18.143559+00:00'
[2025-06-09T13:39:48.925+0000] {taskinstance.py:430} INFO - ::endgroup::
[2025-06-09T13:39:48.933+0000] {subprocess.py:63} INFO - Tmp dir root location: /tmp
[2025-06-09T13:39:48.934+0000] {subprocess.py:75} INFO - Running command: ['/usr/bin/bash', '-c', 'echo "✅ Hello World from Airflow!"']
[2025-06-09T13:39:48.939+0000] {subprocess.py:86} INFO - Output:
[2025-06-09T13:39:48.941+0000] {subprocess.py:93} INFO - ✅ Hello World from Airflow!
[2025-06-09T13:39:48.941+0000] {subprocess.py:97} INFO - Command exited with return code 0
[2025-06-09T13:39:48.941+0000] {taskinstance.py:441} INFO - ::group::Post task execution logs
[2025-06-09T13:39:48.956+0000] {taskinstance.py:1206} INFO - Marking task as SUCCESS. dag_id=hello_world_dag, task_id=print_hello, run_id=manual__2025-06-09T13:39:18.143559+00:00, execution_date=20250609T133918, start_date=20250609T133948, end_date=20250609T133948
[2025-06-09T13:39:48.989+0000] {local_task_job_runner.py:240} INFO - Task exited with return code 0
[2025-06-09T13:39:49.000+0000] {taskinstance.py:3498} INFO - 0 downstream tasks scheduled from follow-on schedule check
[2025-06-09T13:39:49.000+0000] {local_task_job_runner.py:222} INFO - ::endgroup::
