[2025-06-08T14:21:23.365+0000] {local_task_job_runner.py:120} INFO - ::group::Pre task execution logs
[2025-06-08T14:21:23.390+0000] {taskinstance.py:2076} INFO - Dependencies all met for dep_context=non-requeueable deps ti=<TaskInstance: master_pipeline_with_es_guard.run_producer manual__2025-06-08T14:21:21.384220+00:00 [queued]>
[2025-06-08T14:21:23.395+0000] {taskinstance.py:2076} INFO - Dependencies all met for dep_context=requeueable deps ti=<TaskInstance: master_pipeline_with_es_guard.run_producer manual__2025-06-08T14:21:21.384220+00:00 [queued]>
[2025-06-08T14:21:23.396+0000] {taskinstance.py:2306} INFO - Starting attempt 1 of 2
[2025-06-08T14:21:23.405+0000] {taskinstance.py:2330} INFO - Executing <Task(BashOperator): run_producer> on 2025-06-08 14:21:21.384220+00:00
[2025-06-08T14:21:23.411+0000] {logging_mixin.py:188} WARNING - /home/***/.local/lib/python3.12/site-packages/***/task/task_runner/standard_task_runner.py:61 DeprecationWarning: This process (pid=1960) is multi-threaded, use of fork() may lead to deadlocks in the child.
[2025-06-08T14:21:23.413+0000] {standard_task_runner.py:63} INFO - Started process 1962 to run task
[2025-06-08T14:21:23.412+0000] {standard_task_runner.py:90} INFO - Running: ['***', 'tasks', 'run', 'master_pipeline_with_es_guard', 'run_producer', 'manual__2025-06-08T14:21:21.384220+00:00', '--job-id', '50', '--raw', '--subdir', 'DAGS_FOLDER/producer_dag.py', '--cfg-path', '/tmp/tmpdfut0hai']
[2025-06-08T14:21:23.415+0000] {standard_task_runner.py:91} INFO - Job 50: Subtask run_producer
[2025-06-08T14:21:23.457+0000] {task_command.py:426} INFO - Running <TaskInstance: master_pipeline_with_es_guard.run_producer manual__2025-06-08T14:21:21.384220+00:00 [running]> on host 5492e8ecb5c1
[2025-06-08T14:21:23.525+0000] {taskinstance.py:2648} INFO - Exporting env vars: AIRFLOW_CTX_DAG_OWNER='panshul' AIRFLOW_CTX_DAG_ID='master_pipeline_with_es_guard' AIRFLOW_CTX_TASK_ID='run_producer' AIRFLOW_CTX_EXECUTION_DATE='2025-06-08T14:21:21.384220+00:00' AIRFLOW_CTX_TRY_NUMBER='1' AIRFLOW_CTX_DAG_RUN_ID='manual__2025-06-08T14:21:21.384220+00:00'
[2025-06-08T14:21:23.526+0000] {taskinstance.py:430} INFO - ::endgroup::
[2025-06-08T14:21:23.536+0000] {subprocess.py:63} INFO - Tmp dir root location: /tmp
[2025-06-08T14:21:23.538+0000] {subprocess.py:75} INFO - Running command: ['/usr/bin/bash', '-c', 'python /opt/***/kafka_client/producer_one_shot.py']
[2025-06-08T14:21:23.546+0000] {subprocess.py:86} INFO - Output:
[2025-06-08T14:31:38.884+0000] {subprocess.py:93} INFO - [🚀] Streaming producer started for 10 minutes
[2025-06-08T14:31:38.888+0000] {subprocess.py:93} INFO - [✔] Sent: covid_chunk_10219.csv
[2025-06-08T14:31:38.889+0000] {subprocess.py:93} INFO - [✔] Sent: covid_chunk_1022.csv
[2025-06-08T14:31:38.889+0000] {subprocess.py:93} INFO - [✔] Sent: covid_chunk_10220.csv
[2025-06-08T14:31:38.889+0000] {subprocess.py:93} INFO - [✔] Sent: covid_chunk_10221.csv
[2025-06-08T14:31:38.890+0000] {subprocess.py:93} INFO - [✔] Sent: covid_chunk_10222.csv
[2025-06-08T14:31:38.890+0000] {subprocess.py:93} INFO - [✔] Sent: covid_chunk_10223.csv
[2025-06-08T14:31:38.891+0000] {subprocess.py:93} INFO - [✔] Sent: covid_chunk_10224.csv
[2025-06-08T14:31:38.891+0000] {subprocess.py:93} INFO - [✔] Sent: covid_chunk_10225.csv
[2025-06-08T14:31:38.891+0000] {subprocess.py:93} INFO - [✔] Sent: covid_chunk_10226.csv
[2025-06-08T14:31:38.891+0000] {subprocess.py:93} INFO - [✔] Sent: covid_chunk_10227.csv
[2025-06-08T14:31:38.892+0000] {subprocess.py:93} INFO - [✔] Sent: covid_chunk_10228.csv
[2025-06-08T14:31:38.892+0000] {subprocess.py:93} INFO - [✔] Sent: covid_chunk_10229.csv
[2025-06-08T14:31:38.892+0000] {subprocess.py:93} INFO - [✔] Sent: covid_chunk_1023.csv
[2025-06-08T14:31:38.892+0000] {subprocess.py:93} INFO - [✔] Sent: covid_chunk_10230.csv
[2025-06-08T14:31:38.893+0000] {subprocess.py:93} INFO - [✔] Sent: covid_chunk_10231.csv
[2025-06-08T14:31:38.893+0000] {subprocess.py:93} INFO - [✔] Sent: covid_chunk_10232.csv
[2025-06-08T14:31:38.893+0000] {subprocess.py:93} INFO - [✔] Sent: covid_chunk_10233.csv
[2025-06-08T14:31:38.893+0000] {subprocess.py:93} INFO - [✔] Sent: covid_chunk_10234.csv
[2025-06-08T14:31:38.893+0000] {subprocess.py:93} INFO - [✔] Sent: covid_chunk_10235.csv
[2025-06-08T14:31:38.894+0000] {subprocess.py:93} INFO - [✔] Sent: covid_chunk_10236.csv
[2025-06-08T14:31:38.894+0000] {subprocess.py:93} INFO - [✔] Sent: covid_chunk_10238.csv
[2025-06-08T14:31:38.894+0000] {subprocess.py:93} INFO - [✔] Sent: covid_chunk_1024.csv
[2025-06-08T14:31:38.894+0000] {subprocess.py:93} INFO - [✔] Sent: covid_chunk_10240.csv
[2025-06-08T14:31:38.894+0000] {subprocess.py:93} INFO - [✔] Sent: covid_chunk_10241.csv
[2025-06-08T14:31:38.895+0000] {subprocess.py:93} INFO - [✔] Sent: covid_chunk_10242.csv
[2025-06-08T14:31:38.895+0000] {subprocess.py:93} INFO - [✔] Sent: covid_chunk_10243.csv
[2025-06-08T14:31:38.895+0000] {subprocess.py:93} INFO - [✔] Sent: covid_chunk_10245.csv
[2025-06-08T14:31:38.895+0000] {subprocess.py:93} INFO - [✔] Sent: covid_chunk_10247.csv
[2025-06-08T14:31:38.895+0000] {subprocess.py:93} INFO - [✔] Sent: covid_chunk_10249.csv
[2025-06-08T14:31:38.896+0000] {subprocess.py:93} INFO - [✔] Sent: covid_chunk_10250.csv
[2025-06-08T14:31:38.896+0000] {subprocess.py:93} INFO - [✅] Producer finished streaming.
[2025-06-08T14:31:38.983+0000] {subprocess.py:97} INFO - Command exited with return code 0
[2025-06-08T14:31:38.984+0000] {taskinstance.py:441} INFO - ::group::Post task execution logs
[2025-06-08T14:31:39.009+0000] {taskinstance.py:1206} INFO - Marking task as SUCCESS. dag_id=master_pipeline_with_es_guard, task_id=run_producer, run_id=manual__2025-06-08T14:21:21.384220+00:00, execution_date=20250608T142121, start_date=20250608T142123, end_date=20250608T143139
[2025-06-08T14:31:39.025+0000] {local_task_job_runner.py:240} INFO - Task exited with return code 0
[2025-06-08T14:31:39.041+0000] {taskinstance.py:3498} INFO - 0 downstream tasks scheduled from follow-on schedule check
[2025-06-08T14:31:39.042+0000] {local_task_job_runner.py:222} INFO - ::endgroup::
