[2025-06-08T14:30:02.227+0000] {local_task_job_runner.py:120} INFO - ::group::Pre task execution logs
[2025-06-08T14:30:02.254+0000] {taskinstance.py:2076} INFO - Dependencies all met for dep_context=non-requeueable deps ti=<TaskInstance: master_pipeline_with_es_guard.run_producer scheduled__2025-06-08T14:00:00+00:00 [queued]>
[2025-06-08T14:30:02.261+0000] {taskinstance.py:2076} INFO - Dependencies all met for dep_context=requeueable deps ti=<TaskInstance: master_pipeline_with_es_guard.run_producer scheduled__2025-06-08T14:00:00+00:00 [queued]>
[2025-06-08T14:30:02.262+0000] {taskinstance.py:2306} INFO - Starting attempt 1 of 2
[2025-06-08T14:30:02.271+0000] {taskinstance.py:2330} INFO - Executing <Task(BashOperator): run_producer> on 2025-06-08 14:00:00+00:00
[2025-06-08T14:30:02.279+0000] {logging_mixin.py:188} WARNING - /home/***/.local/lib/python3.12/site-packages/***/task/task_runner/standard_task_runner.py:61 DeprecationWarning: This process (pid=2098) is multi-threaded, use of fork() may lead to deadlocks in the child.
[2025-06-08T14:30:02.280+0000] {standard_task_runner.py:63} INFO - Started process 2099 to run task
[2025-06-08T14:30:02.279+0000] {standard_task_runner.py:90} INFO - Running: ['***', 'tasks', 'run', 'master_pipeline_with_es_guard', 'run_producer', 'scheduled__2025-06-08T14:00:00+00:00', '--job-id', '55', '--raw', '--subdir', 'DAGS_FOLDER/producer_dag.py', '--cfg-path', '/tmp/tmp1ymaj6ud']
[2025-06-08T14:30:02.281+0000] {standard_task_runner.py:91} INFO - Job 55: Subtask run_producer
[2025-06-08T14:30:02.350+0000] {task_command.py:426} INFO - Running <TaskInstance: master_pipeline_with_es_guard.run_producer scheduled__2025-06-08T14:00:00+00:00 [running]> on host 5492e8ecb5c1
[2025-06-08T14:30:02.460+0000] {taskinstance.py:2648} INFO - Exporting env vars: AIRFLOW_CTX_DAG_OWNER='panshul' AIRFLOW_CTX_DAG_ID='master_pipeline_with_es_guard' AIRFLOW_CTX_TASK_ID='run_producer' AIRFLOW_CTX_EXECUTION_DATE='2025-06-08T14:00:00+00:00' AIRFLOW_CTX_TRY_NUMBER='1' AIRFLOW_CTX_DAG_RUN_ID='scheduled__2025-06-08T14:00:00+00:00'
[2025-06-08T14:30:02.462+0000] {taskinstance.py:430} INFO - ::endgroup::
[2025-06-08T14:30:02.476+0000] {subprocess.py:63} INFO - Tmp dir root location: /tmp
[2025-06-08T14:30:02.477+0000] {subprocess.py:75} INFO - Running command: ['/usr/bin/bash', '-c', 'python /opt/***/kafka_client/producer_one_shot.py']
[2025-06-08T14:30:02.486+0000] {subprocess.py:86} INFO - Output:
[2025-06-08T14:40:16.354+0000] {subprocess.py:93} INFO - [🚀] Streaming producer started for 10 minutes
[2025-06-08T14:40:16.356+0000] {subprocess.py:93} INFO - [✔] Sent: covid_chunk_10244.csv
[2025-06-08T14:40:16.357+0000] {subprocess.py:93} INFO - [✔] Sent: covid_chunk_10246.csv
[2025-06-08T14:40:16.357+0000] {subprocess.py:93} INFO - [✔] Sent: covid_chunk_10248.csv
[2025-06-08T14:40:16.357+0000] {subprocess.py:93} INFO - [✔] Sent: covid_chunk_1025.csv
[2025-06-08T14:40:16.358+0000] {subprocess.py:93} INFO - [✔] Sent: covid_chunk_10251.csv
[2025-06-08T14:40:16.358+0000] {subprocess.py:93} INFO - [✔] Sent: covid_chunk_10252.csv
[2025-06-08T14:40:16.358+0000] {subprocess.py:93} INFO - [✔] Sent: covid_chunk_10253.csv
[2025-06-08T14:40:16.358+0000] {subprocess.py:93} INFO - [✔] Sent: covid_chunk_10254.csv
[2025-06-08T14:40:16.359+0000] {subprocess.py:93} INFO - [✔] Sent: covid_chunk_10255.csv
[2025-06-08T14:40:16.359+0000] {subprocess.py:93} INFO - [✔] Sent: covid_chunk_10256.csv
[2025-06-08T14:40:16.359+0000] {subprocess.py:93} INFO - [✔] Sent: covid_chunk_10257.csv
[2025-06-08T14:40:16.360+0000] {subprocess.py:93} INFO - [✔] Sent: covid_chunk_10258.csv
[2025-06-08T14:40:16.360+0000] {subprocess.py:93} INFO - [✔] Sent: covid_chunk_10259.csv
[2025-06-08T14:40:16.360+0000] {subprocess.py:93} INFO - [✔] Sent: covid_chunk_1026.csv
[2025-06-08T14:40:16.360+0000] {subprocess.py:93} INFO - [✔] Sent: covid_chunk_10260.csv
[2025-06-08T14:40:16.361+0000] {subprocess.py:93} INFO - [✔] Sent: covid_chunk_10261.csv
[2025-06-08T14:40:16.361+0000] {subprocess.py:93} INFO - [✔] Sent: covid_chunk_10262.csv
[2025-06-08T14:40:16.361+0000] {subprocess.py:93} INFO - [✔] Sent: covid_chunk_10263.csv
[2025-06-08T14:40:16.361+0000] {subprocess.py:93} INFO - [✔] Sent: covid_chunk_10264.csv
[2025-06-08T14:40:16.362+0000] {subprocess.py:93} INFO - [✔] Sent: covid_chunk_10265.csv
[2025-06-08T14:40:16.362+0000] {subprocess.py:93} INFO - [✔] Sent: covid_chunk_10266.csv
[2025-06-08T14:40:16.362+0000] {subprocess.py:93} INFO - [✔] Sent: covid_chunk_10267.csv
[2025-06-08T14:40:16.362+0000] {subprocess.py:93} INFO - [✔] Sent: covid_chunk_10268.csv
[2025-06-08T14:40:16.362+0000] {subprocess.py:93} INFO - [✔] Sent: covid_chunk_10269.csv
[2025-06-08T14:40:16.362+0000] {subprocess.py:93} INFO - [✔] Sent: covid_chunk_1027.csv
[2025-06-08T14:40:16.363+0000] {subprocess.py:93} INFO - [✔] Sent: covid_chunk_10270.csv
[2025-06-08T14:40:16.363+0000] {subprocess.py:93} INFO - [✔] Sent: covid_chunk_10271.csv
[2025-06-08T14:40:16.363+0000] {subprocess.py:93} INFO - [✔] Sent: covid_chunk_10272.csv
[2025-06-08T14:40:16.363+0000] {subprocess.py:93} INFO - [✔] Sent: covid_chunk_10274.csv
[2025-06-08T14:40:16.363+0000] {subprocess.py:93} INFO - [✔] Sent: covid_chunk_10276.csv
[2025-06-08T14:40:16.364+0000] {subprocess.py:93} INFO - [✅] Producer finished streaming.
[2025-06-08T14:40:16.433+0000] {subprocess.py:97} INFO - Command exited with return code 0
[2025-06-08T14:40:16.435+0000] {taskinstance.py:441} INFO - ::group::Post task execution logs
[2025-06-08T14:40:16.459+0000] {taskinstance.py:1206} INFO - Marking task as SUCCESS. dag_id=master_pipeline_with_es_guard, task_id=run_producer, run_id=scheduled__2025-06-08T14:00:00+00:00, execution_date=20250608T140000, start_date=20250608T143002, end_date=20250608T144016
[2025-06-08T14:40:16.482+0000] {local_task_job_runner.py:240} INFO - Task exited with return code 0
[2025-06-08T14:40:16.494+0000] {taskinstance.py:3498} INFO - 0 downstream tasks scheduled from follow-on schedule check
[2025-06-08T14:40:16.495+0000] {local_task_job_runner.py:222} INFO - ::endgroup::
