[2025-06-08T13:18:51.268+0000] {local_task_job_runner.py:120} INFO - ::group::Pre task execution logs
[2025-06-08T13:18:51.286+0000] {taskinstance.py:2076} INFO - Dependencies all met for dep_context=non-requeueable deps ti=<TaskInstance: master_pipeline_with_es_guard.run_producer scheduled__2025-06-08T12:30:00+00:00 [queued]>
[2025-06-08T13:18:51.293+0000] {taskinstance.py:2076} INFO - Dependencies all met for dep_context=requeueable deps ti=<TaskInstance: master_pipeline_with_es_guard.run_producer scheduled__2025-06-08T12:30:00+00:00 [queued]>
[2025-06-08T13:18:51.294+0000] {taskinstance.py:2306} INFO - Starting attempt 1 of 2
[2025-06-08T13:18:51.305+0000] {taskinstance.py:2330} INFO - Executing <Task(BashOperator): run_producer> on 2025-06-08 12:30:00+00:00
[2025-06-08T13:18:51.309+0000] {standard_task_runner.py:90} INFO - Running: ['***', 'tasks', 'run', 'master_pipeline_with_es_guard', 'run_producer', 'scheduled__2025-06-08T12:30:00+00:00', '--job-id', '23', '--raw', '--subdir', 'DAGS_FOLDER/producer_dag.py', '--cfg-path', '/tmp/tmpk4qcwmf4']
[2025-06-08T13:18:51.311+0000] {standard_task_runner.py:91} INFO - Job 23: Subtask run_producer
[2025-06-08T13:18:51.313+0000] {logging_mixin.py:188} WARNING - /home/***/.local/lib/python3.12/site-packages/***/task/task_runner/standard_task_runner.py:61 DeprecationWarning: This process (pid=952) is multi-threaded, use of fork() may lead to deadlocks in the child.
[2025-06-08T13:18:51.313+0000] {standard_task_runner.py:63} INFO - Started process 954 to run task
[2025-06-08T13:18:51.336+0000] {task_command.py:426} INFO - Running <TaskInstance: master_pipeline_with_es_guard.run_producer scheduled__2025-06-08T12:30:00+00:00 [running]> on host 5492e8ecb5c1
[2025-06-08T13:18:51.374+0000] {taskinstance.py:2648} INFO - Exporting env vars: AIRFLOW_CTX_DAG_OWNER='panshul' AIRFLOW_CTX_DAG_ID='master_pipeline_with_es_guard' AIRFLOW_CTX_TASK_ID='run_producer' AIRFLOW_CTX_EXECUTION_DATE='2025-06-08T12:30:00+00:00' AIRFLOW_CTX_TRY_NUMBER='1' AIRFLOW_CTX_DAG_RUN_ID='scheduled__2025-06-08T12:30:00+00:00'
[2025-06-08T13:18:51.375+0000] {taskinstance.py:430} INFO - ::endgroup::
[2025-06-08T13:18:51.382+0000] {subprocess.py:63} INFO - Tmp dir root location: /tmp
[2025-06-08T13:18:51.383+0000] {subprocess.py:75} INFO - Running command: ['/usr/bin/bash', '-c', 'python /opt/***/kafka_client/producer_one_shot.py']
[2025-06-08T13:18:51.387+0000] {subprocess.py:86} INFO - Output:
[2025-06-08T13:18:51.594+0000] {subprocess.py:93} INFO - Connecting to Kafka broker: kafka:29092
[2025-06-08T13:18:51.595+0000] {subprocess.py:93} INFO - ✅ Message sent successfully!
[2025-06-08T13:18:51.604+0000] {subprocess.py:97} INFO - Command exited with return code 0
[2025-06-08T13:18:51.605+0000] {taskinstance.py:441} INFO - ::group::Post task execution logs
[2025-06-08T13:18:51.621+0000] {taskinstance.py:1206} INFO - Marking task as SUCCESS. dag_id=master_pipeline_with_es_guard, task_id=run_producer, run_id=scheduled__2025-06-08T12:30:00+00:00, execution_date=20250608T123000, start_date=20250608T131851, end_date=20250608T131851
[2025-06-08T13:18:51.658+0000] {local_task_job_runner.py:240} INFO - Task exited with return code 0
[2025-06-08T13:18:51.678+0000] {taskinstance.py:3498} INFO - 1 downstream tasks scheduled from follow-on schedule check
[2025-06-08T13:18:51.679+0000] {local_task_job_runner.py:222} INFO - ::endgroup::
