[2025-06-09T11:52:22.897+0000] {processor.py:161} INFO - Started process (PID=261) to work on /opt/airflow/dags/demo_dag.py
[2025-06-09T11:52:22.898+0000] {processor.py:830} INFO - Processing file /opt/airflow/dags/demo_dag.py for tasks to queue
[2025-06-09T11:52:22.899+0000] {logging_mixin.py:188} INFO - [2025-06-09T11:52:22.899+0000] {dagbag.py:545} INFO - Filling up the DagBag from /opt/airflow/dags/demo_dag.py
[2025-06-09T11:52:22.906+0000] {processor.py:840} INFO - DAG(s) 'run_kafka_producer2' retrieved from /opt/airflow/dags/demo_dag.py
[2025-06-09T11:52:22.921+0000] {logging_mixin.py:188} INFO - [2025-06-09T11:52:22.921+0000] {dag.py:3096} INFO - Sync 1 DAGs
[2025-06-09T11:52:22.931+0000] {logging_mixin.py:188} INFO - [2025-06-09T11:52:22.931+0000] {dag.py:3954} INFO - Setting next_dagrun for run_kafka_producer2 to None, run_after=None
[2025-06-09T11:52:22.940+0000] {processor.py:183} INFO - Processing /opt/airflow/dags/demo_dag.py took 0.047 seconds
[2025-06-09T11:52:53.088+0000] {processor.py:161} INFO - Started process (PID=266) to work on /opt/airflow/dags/demo_dag.py
[2025-06-09T11:52:53.088+0000] {processor.py:830} INFO - Processing file /opt/airflow/dags/demo_dag.py for tasks to queue
[2025-06-09T11:52:53.090+0000] {logging_mixin.py:188} INFO - [2025-06-09T11:52:53.089+0000] {dagbag.py:545} INFO - Filling up the DagBag from /opt/airflow/dags/demo_dag.py
[2025-06-09T11:52:53.099+0000] {processor.py:840} INFO - DAG(s) 'run_kafka_producer2' retrieved from /opt/airflow/dags/demo_dag.py
[2025-06-09T11:52:53.117+0000] {logging_mixin.py:188} INFO - [2025-06-09T11:52:53.117+0000] {dag.py:3096} INFO - Sync 1 DAGs
[2025-06-09T11:52:53.124+0000] {logging_mixin.py:188} INFO - [2025-06-09T11:52:53.124+0000] {dag.py:3954} INFO - Setting next_dagrun for run_kafka_producer2 to None, run_after=None
[2025-06-09T11:52:53.135+0000] {processor.py:183} INFO - Processing /opt/airflow/dags/demo_dag.py took 0.052 seconds
[2025-06-09T11:57:26.306+0000] {processor.py:161} INFO - Started process (PID=271) to work on /opt/airflow/dags/demo_dag.py
[2025-06-09T11:57:26.306+0000] {processor.py:830} INFO - Processing file /opt/airflow/dags/demo_dag.py for tasks to queue
[2025-06-09T11:57:26.307+0000] {logging_mixin.py:188} INFO - [2025-06-09T11:57:26.307+0000] {dagbag.py:545} INFO - Filling up the DagBag from /opt/airflow/dags/demo_dag.py
[2025-06-09T11:57:26.313+0000] {processor.py:840} INFO - DAG(s) 'run_kafka_producer2' retrieved from /opt/airflow/dags/demo_dag.py
[2025-06-09T11:57:26.328+0000] {logging_mixin.py:188} INFO - [2025-06-09T11:57:26.327+0000] {dag.py:3096} INFO - Sync 1 DAGs
[2025-06-09T11:57:26.336+0000] {logging_mixin.py:188} INFO - [2025-06-09T11:57:26.336+0000] {dag.py:3954} INFO - Setting next_dagrun for run_kafka_producer2 to None, run_after=None
[2025-06-09T11:57:26.344+0000] {processor.py:183} INFO - Processing /opt/airflow/dags/demo_dag.py took 0.043 seconds
[2025-06-09T11:57:56.497+0000] {processor.py:161} INFO - Started process (PID=276) to work on /opt/airflow/dags/demo_dag.py
[2025-06-09T11:57:56.498+0000] {processor.py:830} INFO - Processing file /opt/airflow/dags/demo_dag.py for tasks to queue
[2025-06-09T11:57:56.499+0000] {logging_mixin.py:188} INFO - [2025-06-09T11:57:56.498+0000] {dagbag.py:545} INFO - Filling up the DagBag from /opt/airflow/dags/demo_dag.py
[2025-06-09T11:57:56.505+0000] {processor.py:840} INFO - DAG(s) 'run_kafka_producer2' retrieved from /opt/airflow/dags/demo_dag.py
[2025-06-09T11:57:56.521+0000] {logging_mixin.py:188} INFO - [2025-06-09T11:57:56.521+0000] {dag.py:3096} INFO - Sync 1 DAGs
[2025-06-09T11:57:56.528+0000] {logging_mixin.py:188} INFO - [2025-06-09T11:57:56.528+0000] {dag.py:3954} INFO - Setting next_dagrun for run_kafka_producer2 to None, run_after=None
[2025-06-09T11:57:56.537+0000] {processor.py:183} INFO - Processing /opt/airflow/dags/demo_dag.py took 0.044 seconds
[2025-06-09T11:58:26.667+0000] {processor.py:161} INFO - Started process (PID=281) to work on /opt/airflow/dags/demo_dag.py
[2025-06-09T11:58:26.668+0000] {processor.py:830} INFO - Processing file /opt/airflow/dags/demo_dag.py for tasks to queue
[2025-06-09T11:58:26.670+0000] {logging_mixin.py:188} INFO - [2025-06-09T11:58:26.670+0000] {dagbag.py:545} INFO - Filling up the DagBag from /opt/airflow/dags/demo_dag.py
[2025-06-09T11:58:26.680+0000] {processor.py:840} INFO - DAG(s) 'run_kafka_producer2' retrieved from /opt/airflow/dags/demo_dag.py
[2025-06-09T11:58:26.699+0000] {logging_mixin.py:188} INFO - [2025-06-09T11:58:26.699+0000] {dag.py:3096} INFO - Sync 1 DAGs
[2025-06-09T11:58:26.707+0000] {logging_mixin.py:188} INFO - [2025-06-09T11:58:26.707+0000] {dag.py:3954} INFO - Setting next_dagrun for run_kafka_producer2 to None, run_after=None
[2025-06-09T11:58:26.718+0000] {processor.py:183} INFO - Processing /opt/airflow/dags/demo_dag.py took 0.055 seconds
[2025-06-09T11:58:56.828+0000] {processor.py:161} INFO - Started process (PID=286) to work on /opt/airflow/dags/demo_dag.py
[2025-06-09T11:58:56.829+0000] {processor.py:830} INFO - Processing file /opt/airflow/dags/demo_dag.py for tasks to queue
[2025-06-09T11:58:56.830+0000] {logging_mixin.py:188} INFO - [2025-06-09T11:58:56.830+0000] {dagbag.py:545} INFO - Filling up the DagBag from /opt/airflow/dags/demo_dag.py
[2025-06-09T11:58:56.836+0000] {processor.py:840} INFO - DAG(s) 'run_kafka_producer2' retrieved from /opt/airflow/dags/demo_dag.py
[2025-06-09T11:58:56.851+0000] {logging_mixin.py:188} INFO - [2025-06-09T11:58:56.851+0000] {dag.py:3096} INFO - Sync 1 DAGs
[2025-06-09T11:58:56.857+0000] {logging_mixin.py:188} INFO - [2025-06-09T11:58:56.857+0000] {dag.py:3954} INFO - Setting next_dagrun for run_kafka_producer2 to None, run_after=None
[2025-06-09T11:58:56.866+0000] {processor.py:183} INFO - Processing /opt/airflow/dags/demo_dag.py took 0.041 seconds
[2025-06-09T11:59:27.035+0000] {processor.py:161} INFO - Started process (PID=291) to work on /opt/airflow/dags/demo_dag.py
[2025-06-09T11:59:27.037+0000] {processor.py:830} INFO - Processing file /opt/airflow/dags/demo_dag.py for tasks to queue
[2025-06-09T11:59:27.039+0000] {logging_mixin.py:188} INFO - [2025-06-09T11:59:27.039+0000] {dagbag.py:545} INFO - Filling up the DagBag from /opt/airflow/dags/demo_dag.py
[2025-06-09T11:59:27.050+0000] {processor.py:840} INFO - DAG(s) 'run_kafka_producer2' retrieved from /opt/airflow/dags/demo_dag.py
[2025-06-09T11:59:27.080+0000] {logging_mixin.py:188} INFO - [2025-06-09T11:59:27.079+0000] {dag.py:3096} INFO - Sync 1 DAGs
[2025-06-09T11:59:27.090+0000] {logging_mixin.py:188} INFO - [2025-06-09T11:59:27.090+0000] {dag.py:3954} INFO - Setting next_dagrun for run_kafka_producer2 to None, run_after=None
[2025-06-09T11:59:27.112+0000] {processor.py:183} INFO - Processing /opt/airflow/dags/demo_dag.py took 0.081 seconds
[2025-06-09T11:59:57.197+0000] {processor.py:161} INFO - Started process (PID=296) to work on /opt/airflow/dags/demo_dag.py
[2025-06-09T11:59:57.198+0000] {processor.py:830} INFO - Processing file /opt/airflow/dags/demo_dag.py for tasks to queue
[2025-06-09T11:59:57.199+0000] {logging_mixin.py:188} INFO - [2025-06-09T11:59:57.199+0000] {dagbag.py:545} INFO - Filling up the DagBag from /opt/airflow/dags/demo_dag.py
[2025-06-09T11:59:57.205+0000] {processor.py:840} INFO - DAG(s) 'run_kafka_producer2' retrieved from /opt/airflow/dags/demo_dag.py
[2025-06-09T11:59:57.222+0000] {logging_mixin.py:188} INFO - [2025-06-09T11:59:57.222+0000] {dag.py:3096} INFO - Sync 1 DAGs
[2025-06-09T11:59:57.228+0000] {logging_mixin.py:188} INFO - [2025-06-09T11:59:57.228+0000] {dag.py:3954} INFO - Setting next_dagrun for run_kafka_producer2 to None, run_after=None
[2025-06-09T11:59:57.236+0000] {processor.py:183} INFO - Processing /opt/airflow/dags/demo_dag.py took 0.042 seconds
[2025-06-09T12:00:27.340+0000] {processor.py:161} INFO - Started process (PID=301) to work on /opt/airflow/dags/demo_dag.py
[2025-06-09T12:00:27.341+0000] {processor.py:830} INFO - Processing file /opt/airflow/dags/demo_dag.py for tasks to queue
[2025-06-09T12:00:27.343+0000] {logging_mixin.py:188} INFO - [2025-06-09T12:00:27.343+0000] {dagbag.py:545} INFO - Filling up the DagBag from /opt/airflow/dags/demo_dag.py
[2025-06-09T12:00:27.356+0000] {processor.py:840} INFO - DAG(s) 'run_kafka_producer2' retrieved from /opt/airflow/dags/demo_dag.py
[2025-06-09T12:00:27.374+0000] {logging_mixin.py:188} INFO - [2025-06-09T12:00:27.374+0000] {dag.py:3096} INFO - Sync 1 DAGs
[2025-06-09T12:00:27.382+0000] {logging_mixin.py:188} INFO - [2025-06-09T12:00:27.382+0000] {dag.py:3954} INFO - Setting next_dagrun for run_kafka_producer2 to None, run_after=None
[2025-06-09T12:00:27.393+0000] {processor.py:183} INFO - Processing /opt/airflow/dags/demo_dag.py took 0.058 seconds
[2025-06-09T12:00:57.521+0000] {processor.py:161} INFO - Started process (PID=306) to work on /opt/airflow/dags/demo_dag.py
[2025-06-09T12:00:57.521+0000] {processor.py:830} INFO - Processing file /opt/airflow/dags/demo_dag.py for tasks to queue
[2025-06-09T12:00:57.522+0000] {logging_mixin.py:188} INFO - [2025-06-09T12:00:57.522+0000] {dagbag.py:545} INFO - Filling up the DagBag from /opt/airflow/dags/demo_dag.py
[2025-06-09T12:00:57.527+0000] {processor.py:840} INFO - DAG(s) 'run_kafka_producer2' retrieved from /opt/airflow/dags/demo_dag.py
[2025-06-09T12:00:57.540+0000] {logging_mixin.py:188} INFO - [2025-06-09T12:00:57.540+0000] {dag.py:3096} INFO - Sync 1 DAGs
[2025-06-09T12:00:57.546+0000] {logging_mixin.py:188} INFO - [2025-06-09T12:00:57.546+0000] {dag.py:3954} INFO - Setting next_dagrun for run_kafka_producer2 to None, run_after=None
[2025-06-09T12:00:57.554+0000] {processor.py:183} INFO - Processing /opt/airflow/dags/demo_dag.py took 0.036 seconds
[2025-06-09T12:01:27.728+0000] {processor.py:161} INFO - Started process (PID=311) to work on /opt/airflow/dags/demo_dag.py
[2025-06-09T12:01:27.728+0000] {processor.py:830} INFO - Processing file /opt/airflow/dags/demo_dag.py for tasks to queue
[2025-06-09T12:01:27.729+0000] {logging_mixin.py:188} INFO - [2025-06-09T12:01:27.729+0000] {dagbag.py:545} INFO - Filling up the DagBag from /opt/airflow/dags/demo_dag.py
[2025-06-09T12:01:27.734+0000] {processor.py:840} INFO - DAG(s) 'run_kafka_producer2' retrieved from /opt/airflow/dags/demo_dag.py
[2025-06-09T12:01:27.749+0000] {logging_mixin.py:188} INFO - [2025-06-09T12:01:27.749+0000] {dag.py:3096} INFO - Sync 1 DAGs
[2025-06-09T12:01:27.755+0000] {logging_mixin.py:188} INFO - [2025-06-09T12:01:27.755+0000] {dag.py:3954} INFO - Setting next_dagrun for run_kafka_producer2 to None, run_after=None
[2025-06-09T12:01:27.763+0000] {processor.py:183} INFO - Processing /opt/airflow/dags/demo_dag.py took 0.039 seconds
[2025-06-09T12:01:57.890+0000] {processor.py:161} INFO - Started process (PID=316) to work on /opt/airflow/dags/demo_dag.py
[2025-06-09T12:01:57.891+0000] {processor.py:830} INFO - Processing file /opt/airflow/dags/demo_dag.py for tasks to queue
[2025-06-09T12:01:57.894+0000] {logging_mixin.py:188} INFO - [2025-06-09T12:01:57.894+0000] {dagbag.py:545} INFO - Filling up the DagBag from /opt/airflow/dags/demo_dag.py
[2025-06-09T12:01:57.903+0000] {processor.py:840} INFO - DAG(s) 'run_kafka_producer2' retrieved from /opt/airflow/dags/demo_dag.py
[2025-06-09T12:01:57.921+0000] {logging_mixin.py:188} INFO - [2025-06-09T12:01:57.921+0000] {dag.py:3096} INFO - Sync 1 DAGs
[2025-06-09T12:01:57.929+0000] {logging_mixin.py:188} INFO - [2025-06-09T12:01:57.929+0000] {dag.py:3954} INFO - Setting next_dagrun for run_kafka_producer2 to None, run_after=None
[2025-06-09T12:01:57.939+0000] {processor.py:183} INFO - Processing /opt/airflow/dags/demo_dag.py took 0.054 seconds
[2025-06-09T12:02:28.061+0000] {processor.py:161} INFO - Started process (PID=321) to work on /opt/airflow/dags/demo_dag.py
[2025-06-09T12:02:28.062+0000] {processor.py:830} INFO - Processing file /opt/airflow/dags/demo_dag.py for tasks to queue
[2025-06-09T12:02:28.063+0000] {logging_mixin.py:188} INFO - [2025-06-09T12:02:28.063+0000] {dagbag.py:545} INFO - Filling up the DagBag from /opt/airflow/dags/demo_dag.py
[2025-06-09T12:02:28.068+0000] {processor.py:840} INFO - DAG(s) 'run_kafka_producer2' retrieved from /opt/airflow/dags/demo_dag.py
[2025-06-09T12:02:28.082+0000] {logging_mixin.py:188} INFO - [2025-06-09T12:02:28.082+0000] {dag.py:3096} INFO - Sync 1 DAGs
[2025-06-09T12:02:28.089+0000] {logging_mixin.py:188} INFO - [2025-06-09T12:02:28.088+0000] {dag.py:3954} INFO - Setting next_dagrun for run_kafka_producer2 to None, run_after=None
[2025-06-09T12:02:28.097+0000] {processor.py:183} INFO - Processing /opt/airflow/dags/demo_dag.py took 0.039 seconds
[2025-06-09T12:02:58.238+0000] {processor.py:161} INFO - Started process (PID=326) to work on /opt/airflow/dags/demo_dag.py
[2025-06-09T12:02:58.239+0000] {processor.py:830} INFO - Processing file /opt/airflow/dags/demo_dag.py for tasks to queue
[2025-06-09T12:02:58.241+0000] {logging_mixin.py:188} INFO - [2025-06-09T12:02:58.241+0000] {dagbag.py:545} INFO - Filling up the DagBag from /opt/airflow/dags/demo_dag.py
[2025-06-09T12:02:58.251+0000] {processor.py:840} INFO - DAG(s) 'run_kafka_producer2' retrieved from /opt/airflow/dags/demo_dag.py
[2025-06-09T12:02:58.271+0000] {logging_mixin.py:188} INFO - [2025-06-09T12:02:58.271+0000] {dag.py:3096} INFO - Sync 1 DAGs
[2025-06-09T12:02:58.280+0000] {logging_mixin.py:188} INFO - [2025-06-09T12:02:58.279+0000] {dag.py:3954} INFO - Setting next_dagrun for run_kafka_producer2 to None, run_after=None
[2025-06-09T12:02:58.290+0000] {processor.py:183} INFO - Processing /opt/airflow/dags/demo_dag.py took 0.058 seconds
[2025-06-09T12:03:28.458+0000] {processor.py:161} INFO - Started process (PID=331) to work on /opt/airflow/dags/demo_dag.py
[2025-06-09T12:03:28.459+0000] {processor.py:830} INFO - Processing file /opt/airflow/dags/demo_dag.py for tasks to queue
[2025-06-09T12:03:28.460+0000] {logging_mixin.py:188} INFO - [2025-06-09T12:03:28.460+0000] {dagbag.py:545} INFO - Filling up the DagBag from /opt/airflow/dags/demo_dag.py
[2025-06-09T12:03:28.465+0000] {processor.py:840} INFO - DAG(s) 'run_kafka_producer2' retrieved from /opt/airflow/dags/demo_dag.py
[2025-06-09T12:03:28.478+0000] {logging_mixin.py:188} INFO - [2025-06-09T12:03:28.478+0000] {dag.py:3096} INFO - Sync 1 DAGs
[2025-06-09T12:03:28.484+0000] {logging_mixin.py:188} INFO - [2025-06-09T12:03:28.484+0000] {dag.py:3954} INFO - Setting next_dagrun for run_kafka_producer2 to None, run_after=None
[2025-06-09T12:03:28.492+0000] {processor.py:183} INFO - Processing /opt/airflow/dags/demo_dag.py took 0.037 seconds
[2025-06-09T12:03:58.654+0000] {processor.py:161} INFO - Started process (PID=336) to work on /opt/airflow/dags/demo_dag.py
[2025-06-09T12:03:58.655+0000] {processor.py:830} INFO - Processing file /opt/airflow/dags/demo_dag.py for tasks to queue
[2025-06-09T12:03:58.657+0000] {logging_mixin.py:188} INFO - [2025-06-09T12:03:58.657+0000] {dagbag.py:545} INFO - Filling up the DagBag from /opt/airflow/dags/demo_dag.py
[2025-06-09T12:03:58.671+0000] {processor.py:840} INFO - DAG(s) 'run_kafka_producer2' retrieved from /opt/airflow/dags/demo_dag.py
[2025-06-09T12:03:58.701+0000] {logging_mixin.py:188} INFO - [2025-06-09T12:03:58.701+0000] {dag.py:3096} INFO - Sync 1 DAGs
[2025-06-09T12:03:58.712+0000] {logging_mixin.py:188} INFO - [2025-06-09T12:03:58.712+0000] {dag.py:3954} INFO - Setting next_dagrun for run_kafka_producer2 to None, run_after=None
[2025-06-09T12:03:58.723+0000] {processor.py:183} INFO - Processing /opt/airflow/dags/demo_dag.py took 0.074 seconds
[2025-06-09T12:04:28.817+0000] {processor.py:161} INFO - Started process (PID=341) to work on /opt/airflow/dags/demo_dag.py
[2025-06-09T12:04:28.817+0000] {processor.py:830} INFO - Processing file /opt/airflow/dags/demo_dag.py for tasks to queue
[2025-06-09T12:04:28.818+0000] {logging_mixin.py:188} INFO - [2025-06-09T12:04:28.818+0000] {dagbag.py:545} INFO - Filling up the DagBag from /opt/airflow/dags/demo_dag.py
[2025-06-09T12:04:28.823+0000] {processor.py:840} INFO - DAG(s) 'run_kafka_producer2' retrieved from /opt/airflow/dags/demo_dag.py
[2025-06-09T12:04:28.837+0000] {logging_mixin.py:188} INFO - [2025-06-09T12:04:28.837+0000] {dag.py:3096} INFO - Sync 1 DAGs
[2025-06-09T12:04:28.843+0000] {logging_mixin.py:188} INFO - [2025-06-09T12:04:28.843+0000] {dag.py:3954} INFO - Setting next_dagrun for run_kafka_producer2 to None, run_after=None
[2025-06-09T12:04:28.851+0000] {processor.py:183} INFO - Processing /opt/airflow/dags/demo_dag.py took 0.037 seconds
[2025-06-09T12:04:58.983+0000] {processor.py:161} INFO - Started process (PID=346) to work on /opt/airflow/dags/demo_dag.py
[2025-06-09T12:04:58.984+0000] {processor.py:830} INFO - Processing file /opt/airflow/dags/demo_dag.py for tasks to queue
[2025-06-09T12:04:58.986+0000] {logging_mixin.py:188} INFO - [2025-06-09T12:04:58.986+0000] {dagbag.py:545} INFO - Filling up the DagBag from /opt/airflow/dags/demo_dag.py
[2025-06-09T12:04:58.997+0000] {processor.py:840} INFO - DAG(s) 'run_kafka_producer2' retrieved from /opt/airflow/dags/demo_dag.py
[2025-06-09T12:04:59.018+0000] {logging_mixin.py:188} INFO - [2025-06-09T12:04:59.018+0000] {dag.py:3096} INFO - Sync 1 DAGs
[2025-06-09T12:04:59.027+0000] {logging_mixin.py:188} INFO - [2025-06-09T12:04:59.026+0000] {dag.py:3954} INFO - Setting next_dagrun for run_kafka_producer2 to None, run_after=None
[2025-06-09T12:04:59.038+0000] {processor.py:183} INFO - Processing /opt/airflow/dags/demo_dag.py took 0.060 seconds
[2025-06-09T12:05:29.144+0000] {processor.py:161} INFO - Started process (PID=351) to work on /opt/airflow/dags/demo_dag.py
[2025-06-09T12:05:29.145+0000] {processor.py:830} INFO - Processing file /opt/airflow/dags/demo_dag.py for tasks to queue
[2025-06-09T12:05:29.146+0000] {logging_mixin.py:188} INFO - [2025-06-09T12:05:29.146+0000] {dagbag.py:545} INFO - Filling up the DagBag from /opt/airflow/dags/demo_dag.py
[2025-06-09T12:05:29.151+0000] {processor.py:840} INFO - DAG(s) 'run_kafka_producer2' retrieved from /opt/airflow/dags/demo_dag.py
[2025-06-09T12:05:29.165+0000] {logging_mixin.py:188} INFO - [2025-06-09T12:05:29.165+0000] {dag.py:3096} INFO - Sync 1 DAGs
[2025-06-09T12:05:29.171+0000] {logging_mixin.py:188} INFO - [2025-06-09T12:05:29.171+0000] {dag.py:3954} INFO - Setting next_dagrun for run_kafka_producer2 to None, run_after=None
[2025-06-09T12:05:29.179+0000] {processor.py:183} INFO - Processing /opt/airflow/dags/demo_dag.py took 0.038 seconds
[2025-06-09T12:05:59.309+0000] {processor.py:161} INFO - Started process (PID=356) to work on /opt/airflow/dags/demo_dag.py
[2025-06-09T12:05:59.310+0000] {processor.py:830} INFO - Processing file /opt/airflow/dags/demo_dag.py for tasks to queue
[2025-06-09T12:05:59.312+0000] {logging_mixin.py:188} INFO - [2025-06-09T12:05:59.311+0000] {dagbag.py:545} INFO - Filling up the DagBag from /opt/airflow/dags/demo_dag.py
[2025-06-09T12:05:59.320+0000] {processor.py:840} INFO - DAG(s) 'run_kafka_producer2' retrieved from /opt/airflow/dags/demo_dag.py
[2025-06-09T12:05:59.340+0000] {logging_mixin.py:188} INFO - [2025-06-09T12:05:59.339+0000] {dag.py:3096} INFO - Sync 1 DAGs
[2025-06-09T12:05:59.348+0000] {logging_mixin.py:188} INFO - [2025-06-09T12:05:59.347+0000] {dag.py:3954} INFO - Setting next_dagrun for run_kafka_producer2 to None, run_after=None
[2025-06-09T12:05:59.357+0000] {processor.py:183} INFO - Processing /opt/airflow/dags/demo_dag.py took 0.052 seconds
[2025-06-09T12:06:29.482+0000] {processor.py:161} INFO - Started process (PID=361) to work on /opt/airflow/dags/demo_dag.py
[2025-06-09T12:06:29.482+0000] {processor.py:830} INFO - Processing file /opt/airflow/dags/demo_dag.py for tasks to queue
[2025-06-09T12:06:29.483+0000] {logging_mixin.py:188} INFO - [2025-06-09T12:06:29.483+0000] {dagbag.py:545} INFO - Filling up the DagBag from /opt/airflow/dags/demo_dag.py
[2025-06-09T12:06:29.489+0000] {processor.py:840} INFO - DAG(s) 'run_kafka_producer2' retrieved from /opt/airflow/dags/demo_dag.py
[2025-06-09T12:06:29.505+0000] {logging_mixin.py:188} INFO - [2025-06-09T12:06:29.505+0000] {dag.py:3096} INFO - Sync 1 DAGs
[2025-06-09T12:06:29.513+0000] {logging_mixin.py:188} INFO - [2025-06-09T12:06:29.512+0000] {dag.py:3954} INFO - Setting next_dagrun for run_kafka_producer2 to None, run_after=None
[2025-06-09T12:06:29.528+0000] {processor.py:183} INFO - Processing /opt/airflow/dags/demo_dag.py took 0.050 seconds
[2025-06-09T12:06:59.707+0000] {processor.py:161} INFO - Started process (PID=366) to work on /opt/airflow/dags/demo_dag.py
[2025-06-09T12:06:59.708+0000] {processor.py:830} INFO - Processing file /opt/airflow/dags/demo_dag.py for tasks to queue
[2025-06-09T12:06:59.710+0000] {logging_mixin.py:188} INFO - [2025-06-09T12:06:59.709+0000] {dagbag.py:545} INFO - Filling up the DagBag from /opt/airflow/dags/demo_dag.py
[2025-06-09T12:06:59.719+0000] {processor.py:840} INFO - DAG(s) 'run_kafka_producer2' retrieved from /opt/airflow/dags/demo_dag.py
[2025-06-09T12:06:59.737+0000] {logging_mixin.py:188} INFO - [2025-06-09T12:06:59.737+0000] {dag.py:3096} INFO - Sync 1 DAGs
[2025-06-09T12:06:59.745+0000] {logging_mixin.py:188} INFO - [2025-06-09T12:06:59.745+0000] {dag.py:3954} INFO - Setting next_dagrun for run_kafka_producer2 to None, run_after=None
[2025-06-09T12:06:59.754+0000] {processor.py:183} INFO - Processing /opt/airflow/dags/demo_dag.py took 0.053 seconds
[2025-06-09T12:07:29.877+0000] {processor.py:161} INFO - Started process (PID=371) to work on /opt/airflow/dags/demo_dag.py
[2025-06-09T12:07:29.878+0000] {processor.py:830} INFO - Processing file /opt/airflow/dags/demo_dag.py for tasks to queue
[2025-06-09T12:07:29.879+0000] {logging_mixin.py:188} INFO - [2025-06-09T12:07:29.878+0000] {dagbag.py:545} INFO - Filling up the DagBag from /opt/airflow/dags/demo_dag.py
[2025-06-09T12:07:29.886+0000] {processor.py:840} INFO - DAG(s) 'run_kafka_producer2' retrieved from /opt/airflow/dags/demo_dag.py
[2025-06-09T12:07:29.902+0000] {logging_mixin.py:188} INFO - [2025-06-09T12:07:29.902+0000] {dag.py:3096} INFO - Sync 1 DAGs
[2025-06-09T12:07:29.909+0000] {logging_mixin.py:188} INFO - [2025-06-09T12:07:29.909+0000] {dag.py:3954} INFO - Setting next_dagrun for run_kafka_producer2 to None, run_after=None
[2025-06-09T12:07:29.920+0000] {processor.py:183} INFO - Processing /opt/airflow/dags/demo_dag.py took 0.046 seconds
[2025-06-09T12:08:00.054+0000] {processor.py:161} INFO - Started process (PID=376) to work on /opt/airflow/dags/demo_dag.py
[2025-06-09T12:08:00.055+0000] {processor.py:830} INFO - Processing file /opt/airflow/dags/demo_dag.py for tasks to queue
[2025-06-09T12:08:00.058+0000] {logging_mixin.py:188} INFO - [2025-06-09T12:08:00.057+0000] {dagbag.py:545} INFO - Filling up the DagBag from /opt/airflow/dags/demo_dag.py
[2025-06-09T12:08:00.076+0000] {processor.py:840} INFO - DAG(s) 'run_kafka_producer2' retrieved from /opt/airflow/dags/demo_dag.py
[2025-06-09T12:08:00.139+0000] {logging_mixin.py:188} INFO - [2025-06-09T12:08:00.138+0000] {dag.py:3096} INFO - Sync 1 DAGs
[2025-06-09T12:08:00.229+0000] {logging_mixin.py:188} INFO - [2025-06-09T12:08:00.229+0000] {dag.py:3954} INFO - Setting next_dagrun for run_kafka_producer2 to None, run_after=None
[2025-06-09T12:08:00.245+0000] {processor.py:183} INFO - Processing /opt/airflow/dags/demo_dag.py took 0.197 seconds
[2025-06-09T12:08:30.397+0000] {processor.py:161} INFO - Started process (PID=381) to work on /opt/airflow/dags/demo_dag.py
[2025-06-09T12:08:30.397+0000] {processor.py:830} INFO - Processing file /opt/airflow/dags/demo_dag.py for tasks to queue
[2025-06-09T12:08:30.398+0000] {logging_mixin.py:188} INFO - [2025-06-09T12:08:30.398+0000] {dagbag.py:545} INFO - Filling up the DagBag from /opt/airflow/dags/demo_dag.py
[2025-06-09T12:08:30.403+0000] {processor.py:840} INFO - DAG(s) 'run_kafka_producer2' retrieved from /opt/airflow/dags/demo_dag.py
[2025-06-09T12:08:30.417+0000] {logging_mixin.py:188} INFO - [2025-06-09T12:08:30.417+0000] {dag.py:3096} INFO - Sync 1 DAGs
[2025-06-09T12:08:30.423+0000] {logging_mixin.py:188} INFO - [2025-06-09T12:08:30.423+0000] {dag.py:3954} INFO - Setting next_dagrun for run_kafka_producer2 to None, run_after=None
[2025-06-09T12:08:30.433+0000] {processor.py:183} INFO - Processing /opt/airflow/dags/demo_dag.py took 0.039 seconds
[2025-06-09T12:09:00.586+0000] {processor.py:161} INFO - Started process (PID=386) to work on /opt/airflow/dags/demo_dag.py
[2025-06-09T12:09:00.587+0000] {processor.py:830} INFO - Processing file /opt/airflow/dags/demo_dag.py for tasks to queue
[2025-06-09T12:09:00.589+0000] {logging_mixin.py:188} INFO - [2025-06-09T12:09:00.589+0000] {dagbag.py:545} INFO - Filling up the DagBag from /opt/airflow/dags/demo_dag.py
[2025-06-09T12:09:00.607+0000] {processor.py:840} INFO - DAG(s) 'run_kafka_producer2' retrieved from /opt/airflow/dags/demo_dag.py
[2025-06-09T12:09:00.640+0000] {logging_mixin.py:188} INFO - [2025-06-09T12:09:00.640+0000] {dag.py:3096} INFO - Sync 1 DAGs
[2025-06-09T12:09:00.657+0000] {logging_mixin.py:188} INFO - [2025-06-09T12:09:00.656+0000] {dag.py:3954} INFO - Setting next_dagrun for run_kafka_producer2 to None, run_after=None
[2025-06-09T12:09:00.670+0000] {processor.py:183} INFO - Processing /opt/airflow/dags/demo_dag.py took 0.090 seconds
[2025-06-09T12:09:30.748+0000] {processor.py:161} INFO - Started process (PID=391) to work on /opt/airflow/dags/demo_dag.py
[2025-06-09T12:09:30.748+0000] {processor.py:830} INFO - Processing file /opt/airflow/dags/demo_dag.py for tasks to queue
[2025-06-09T12:09:30.749+0000] {logging_mixin.py:188} INFO - [2025-06-09T12:09:30.749+0000] {dagbag.py:545} INFO - Filling up the DagBag from /opt/airflow/dags/demo_dag.py
[2025-06-09T12:09:30.754+0000] {processor.py:840} INFO - DAG(s) 'run_kafka_producer2' retrieved from /opt/airflow/dags/demo_dag.py
[2025-06-09T12:09:30.768+0000] {logging_mixin.py:188} INFO - [2025-06-09T12:09:30.768+0000] {dag.py:3096} INFO - Sync 1 DAGs
[2025-06-09T12:09:30.774+0000] {logging_mixin.py:188} INFO - [2025-06-09T12:09:30.774+0000] {dag.py:3954} INFO - Setting next_dagrun for run_kafka_producer2 to None, run_after=None
[2025-06-09T12:09:30.784+0000] {processor.py:183} INFO - Processing /opt/airflow/dags/demo_dag.py took 0.039 seconds
[2025-06-09T12:10:00.934+0000] {processor.py:161} INFO - Started process (PID=396) to work on /opt/airflow/dags/demo_dag.py
[2025-06-09T12:10:00.934+0000] {processor.py:830} INFO - Processing file /opt/airflow/dags/demo_dag.py for tasks to queue
[2025-06-09T12:10:00.936+0000] {logging_mixin.py:188} INFO - [2025-06-09T12:10:00.936+0000] {dagbag.py:545} INFO - Filling up the DagBag from /opt/airflow/dags/demo_dag.py
[2025-06-09T12:10:00.946+0000] {processor.py:840} INFO - DAG(s) 'run_kafka_producer2' retrieved from /opt/airflow/dags/demo_dag.py
[2025-06-09T12:10:00.966+0000] {logging_mixin.py:188} INFO - [2025-06-09T12:10:00.965+0000] {dag.py:3096} INFO - Sync 1 DAGs
[2025-06-09T12:10:00.973+0000] {logging_mixin.py:188} INFO - [2025-06-09T12:10:00.973+0000] {dag.py:3954} INFO - Setting next_dagrun for run_kafka_producer2 to None, run_after=None
[2025-06-09T12:10:00.982+0000] {processor.py:183} INFO - Processing /opt/airflow/dags/demo_dag.py took 0.054 seconds
[2025-06-09T12:10:31.101+0000] {processor.py:161} INFO - Started process (PID=401) to work on /opt/airflow/dags/demo_dag.py
[2025-06-09T12:10:31.102+0000] {processor.py:830} INFO - Processing file /opt/airflow/dags/demo_dag.py for tasks to queue
[2025-06-09T12:10:31.103+0000] {logging_mixin.py:188} INFO - [2025-06-09T12:10:31.102+0000] {dagbag.py:545} INFO - Filling up the DagBag from /opt/airflow/dags/demo_dag.py
[2025-06-09T12:10:31.107+0000] {processor.py:840} INFO - DAG(s) 'run_kafka_producer2' retrieved from /opt/airflow/dags/demo_dag.py
[2025-06-09T12:10:31.121+0000] {logging_mixin.py:188} INFO - [2025-06-09T12:10:31.120+0000] {dag.py:3096} INFO - Sync 1 DAGs
[2025-06-09T12:10:31.127+0000] {logging_mixin.py:188} INFO - [2025-06-09T12:10:31.127+0000] {dag.py:3954} INFO - Setting next_dagrun for run_kafka_producer2 to None, run_after=None
[2025-06-09T12:10:31.136+0000] {processor.py:183} INFO - Processing /opt/airflow/dags/demo_dag.py took 0.038 seconds
[2025-06-09T12:11:01.261+0000] {processor.py:161} INFO - Started process (PID=406) to work on /opt/airflow/dags/demo_dag.py
[2025-06-09T12:11:01.262+0000] {processor.py:830} INFO - Processing file /opt/airflow/dags/demo_dag.py for tasks to queue
[2025-06-09T12:11:01.263+0000] {logging_mixin.py:188} INFO - [2025-06-09T12:11:01.263+0000] {dagbag.py:545} INFO - Filling up the DagBag from /opt/airflow/dags/demo_dag.py
[2025-06-09T12:11:01.273+0000] {processor.py:840} INFO - DAG(s) 'run_kafka_producer2' retrieved from /opt/airflow/dags/demo_dag.py
[2025-06-09T12:11:01.292+0000] {logging_mixin.py:188} INFO - [2025-06-09T12:11:01.292+0000] {dag.py:3096} INFO - Sync 1 DAGs
[2025-06-09T12:11:01.301+0000] {logging_mixin.py:188} INFO - [2025-06-09T12:11:01.301+0000] {dag.py:3954} INFO - Setting next_dagrun for run_kafka_producer2 to None, run_after=None
[2025-06-09T12:11:01.310+0000] {processor.py:183} INFO - Processing /opt/airflow/dags/demo_dag.py took 0.054 seconds
