[2025-06-08T07:30:02.107+0000] {local_task_job_runner.py:120} INFO - ::group::Pre task execution logs
[2025-06-08T07:30:02.121+0000] {taskinstance.py:2076} INFO - Dependencies all met for dep_context=non-requeueable deps ti=<TaskInstance: producer_dag.run_producer_one_file scheduled__2025-06-08T07:00:00+00:00 [queued]>
[2025-06-08T07:30:02.125+0000] {taskinstance.py:2076} INFO - Dependencies all met for dep_context=requeueable deps ti=<TaskInstance: producer_dag.run_producer_one_file scheduled__2025-06-08T07:00:00+00:00 [queued]>
[2025-06-08T07:30:02.125+0000] {taskinstance.py:2306} INFO - Starting attempt 1 of 3
[2025-06-08T07:30:02.130+0000] {taskinstance.py:2330} INFO - Executing <Task(BashOperator): run_producer_one_file> on 2025-06-08 07:00:00+00:00
[2025-06-08T07:30:02.137+0000] {standard_task_runner.py:90} INFO - Running: ['***', 'tasks', 'run', 'producer_dag', 'run_producer_one_file', 'scheduled__2025-06-08T07:00:00+00:00', '--job-id', '15', '--raw', '--subdir', 'DAGS_FOLDER/producer_dag.py', '--cfg-path', '/tmp/tmpffwx20yy']
[2025-06-08T07:30:02.139+0000] {logging_mixin.py:188} WARNING - /home/***/.local/lib/python3.12/site-packages/***/task/task_runner/standard_task_runner.py:61 DeprecationWarning: This process (pid=496) is multi-threaded, use of fork() may lead to deadlocks in the child.
[2025-06-08T07:30:02.139+0000] {standard_task_runner.py:91} INFO - Job 15: Subtask run_producer_one_file
[2025-06-08T07:30:02.139+0000] {standard_task_runner.py:63} INFO - Started process 497 to run task
[2025-06-08T07:30:02.162+0000] {task_command.py:426} INFO - Running <TaskInstance: producer_dag.run_producer_one_file scheduled__2025-06-08T07:00:00+00:00 [running]> on host 5492e8ecb5c1
[2025-06-08T07:30:02.202+0000] {taskinstance.py:2648} INFO - Exporting env vars: AIRFLOW_CTX_DAG_OWNER='panshul' AIRFLOW_CTX_DAG_ID='producer_dag' AIRFLOW_CTX_TASK_ID='run_producer_one_file' AIRFLOW_CTX_EXECUTION_DATE='2025-06-08T07:00:00+00:00' AIRFLOW_CTX_TRY_NUMBER='1' AIRFLOW_CTX_DAG_RUN_ID='scheduled__2025-06-08T07:00:00+00:00'
[2025-06-08T07:30:02.203+0000] {taskinstance.py:430} INFO - ::endgroup::
[2025-06-08T07:30:02.209+0000] {subprocess.py:63} INFO - Tmp dir root location: /tmp
[2025-06-08T07:30:02.210+0000] {subprocess.py:75} INFO - Running command: ['/usr/bin/bash', '-c', 'python /opt/***/kafka_client/producer_one_shot.py']
[2025-06-08T07:30:02.215+0000] {subprocess.py:86} INFO - Output:
[2025-06-08T07:30:02.412+0000] {subprocess.py:93} INFO - Connecting to Kafka broker: kafka:29092
[2025-06-08T07:30:02.412+0000] {subprocess.py:93} INFO - ✅ Message sent successfully!
[2025-06-08T07:30:02.422+0000] {subprocess.py:97} INFO - Command exited with return code 0
[2025-06-08T07:30:02.422+0000] {taskinstance.py:441} INFO - ::group::Post task execution logs
[2025-06-08T07:30:02.435+0000] {taskinstance.py:1206} INFO - Marking task as SUCCESS. dag_id=producer_dag, task_id=run_producer_one_file, run_id=scheduled__2025-06-08T07:00:00+00:00, execution_date=20250608T070000, start_date=20250608T073002, end_date=20250608T073002
[2025-06-08T07:30:02.445+0000] {local_task_job_runner.py:240} INFO - Task exited with return code 0
[2025-06-08T07:30:02.454+0000] {taskinstance.py:3498} INFO - 0 downstream tasks scheduled from follow-on schedule check
[2025-06-08T07:30:02.455+0000] {local_task_job_runner.py:222} INFO - ::endgroup::
