[2025-06-09T13:31:05.618+0000] {local_task_job_runner.py:120} INFO - ::group::Pre task execution logs
[2025-06-09T13:31:05.642+0000] {taskinstance.py:2076} INFO - Dependencies all met for dep_context=non-requeueable deps ti=<TaskInstance: hello_world_dag.print_hello manual__2025-06-09T13:31:04.549854+00:00 [queued]>
[2025-06-09T13:31:05.647+0000] {taskinstance.py:2076} INFO - Dependencies all met for dep_context=requeueable deps ti=<TaskInstance: hello_world_dag.print_hello manual__2025-06-09T13:31:04.549854+00:00 [queued]>
[2025-06-09T13:31:05.647+0000] {taskinstance.py:2306} INFO - Starting attempt 1 of 1
[2025-06-09T13:31:05.654+0000] {taskinstance.py:2330} INFO - Executing <Task(BashOperator): print_hello> on 2025-06-09 13:31:04.549854+00:00
[2025-06-09T13:31:05.660+0000] {standard_task_runner.py:90} INFO - Running: ['***', 'tasks', 'run', 'hello_world_dag', 'print_hello', 'manual__2025-06-09T13:31:04.549854+00:00', '--job-id', '2', '--raw', '--subdir', 'DAGS_FOLDER/test1_dag.py', '--cfg-path', '/tmp/tmpqsh_0_ki']
[2025-06-09T13:31:05.663+0000] {standard_task_runner.py:91} INFO - Job 2: Subtask print_hello
[2025-06-09T13:31:05.662+0000] {logging_mixin.py:188} WARNING - /home/***/.local/lib/python3.12/site-packages/***/task/task_runner/standard_task_runner.py:61 DeprecationWarning: This process (pid=1153) is multi-threaded, use of fork() may lead to deadlocks in the child.
[2025-06-09T13:31:05.665+0000] {standard_task_runner.py:63} INFO - Started process 1154 to run task
[2025-06-09T13:31:05.699+0000] {task_command.py:426} INFO - Running <TaskInstance: hello_world_dag.print_hello manual__2025-06-09T13:31:04.549854+00:00 [running]> on host 4e91ff50f4f4
[2025-06-09T13:31:05.753+0000] {taskinstance.py:2648} INFO - Exporting env vars: AIRFLOW_CTX_DAG_OWNER='***' AIRFLOW_CTX_DAG_ID='hello_world_dag' AIRFLOW_CTX_TASK_ID='print_hello' AIRFLOW_CTX_EXECUTION_DATE='2025-06-09T13:31:04.549854+00:00' AIRFLOW_CTX_TRY_NUMBER='1' AIRFLOW_CTX_DAG_RUN_ID='manual__2025-06-09T13:31:04.549854+00:00'
[2025-06-09T13:31:05.754+0000] {taskinstance.py:430} INFO - ::endgroup::
[2025-06-09T13:31:05.784+0000] {subprocess.py:63} INFO - Tmp dir root location: /tmp
[2025-06-09T13:31:05.784+0000] {subprocess.py:75} INFO - Running command: ['/usr/bin/bash', '-c', 'echo "✅ Hello World from Airflow!"']
[2025-06-09T13:31:05.789+0000] {subprocess.py:86} INFO - Output:
[2025-06-09T13:31:05.792+0000] {subprocess.py:93} INFO - ✅ Hello World from Airflow!
[2025-06-09T13:31:05.792+0000] {subprocess.py:97} INFO - Command exited with return code 0
[2025-06-09T13:31:05.792+0000] {taskinstance.py:441} INFO - ::group::Post task execution logs
[2025-06-09T13:31:05.805+0000] {taskinstance.py:1206} INFO - Marking task as SUCCESS. dag_id=hello_world_dag, task_id=print_hello, run_id=manual__2025-06-09T13:31:04.549854+00:00, execution_date=20250609T133104, start_date=20250609T133105, end_date=20250609T133105
[2025-06-09T13:31:05.845+0000] {local_task_job_runner.py:240} INFO - Task exited with return code 0
[2025-06-09T13:31:05.854+0000] {taskinstance.py:3498} INFO - 0 downstream tasks scheduled from follow-on schedule check
[2025-06-09T13:31:05.855+0000] {local_task_job_runner.py:222} INFO - ::endgroup::
